[14:00:49.501] Global cache location '/home/user/.cache/typescript/4.4', safe file path '/home/user/dxdao/dxvote/node_modules/typescript/lib/typingSafeList.json', types map path /home/user/dxdao/dxvote/node_modules/typescript/lib/typesMap.json
[14:00:49.502] Processing cache location '/home/user/.cache/typescript/4.4'
[14:00:49.503] Trying to find '/home/user/.cache/typescript/4.4/package.json'...
[14:00:49.517] Loaded content of '/home/user/.cache/typescript/4.4/package.json': {"private":true,"dependencies":{"types-registry":"^0.1.568"},"devDependencies":{"@types/abstract-leveldown":"^5.0.2","@types/accepts":"^1.3.5","@types/adm-zip":"^0.4.34","@types/aes-js":"^3.1.1","@types/align-text":"^1.0.1","@types/argparse":"^2.0.10","@types/aria-query":"^5.0.0","@types/arr-diff":"^4.0.0","@types/arr-union":"^3.1.0","@types/array-unique":"^0.3.0","@types/array.prototype.flat":"^1.2.1","@types/array.prototype.flatmap":"^1.2.2","@types/asap":"^2.0.0","@types/asn1":"^0.2.0","@types/assert":"^1.5.6","@types/assert-plus":"^1.0.4","@types/async":"^3.2.9","@types/async-eventemitter":"^0.2.1","@types/atob":"^2.1.2","@types/aws4":"^1.11.0","@types/babel-plugin-macros":"^2.8.5","@types/babel-plugin-syntax-jsx":"^6.18.0","@types/babylon":"^6.16.6","@types/backo2":"^1.0.1","@types/backoff":"^2.5.2","@types/balanced-match":"^1.0.1","@types/base64id":"^2.0.0","@types/big.js":"^6.1.2","@types/bindings":"^1.5.1","@types/bintrees":"^1.0.3","@types/bl":"^5.0.2","@types/bluebird":"^3.5.36","@types/bn.js":"^5.1.0","@types/body-parser":"^1.19.1","@types/bonjour":"^3.5.9","@types/boolbase":"^1.0.0","@types/brace-expansion":"^1.1.0","@types/braces":"^3.0.1","@types/brorand":"^1.0.30","@types/bs58":"^4.0.1","@types/bs58check":"^2.1.0","@types/bser":"^2.0.1","@types/btoa":"^1.2.3","@types/buffer-from":"^1.1.0","@types/buffer-xor":"^2.0.0","@types/bytes":"^3.1.1","@types/cacache":"^15.0.1","@types/cacheable-request":"^6.0.2","@types/call-bind":"^1.0.0","@types/caniuse-api":"^3.0.2","@types/caniuse-lite":"^1.0.1","@types/case-sensitive-paths-webpack-plugin":"^2.1.6","@types/caseless":"^0.12.2","@types/center-align":"^1.0.0","@types/chai":"^4.2.22","@types/check-error":"^1.0.0","@types/check-types":"^7.3.3","@types/chownr":"^1.0.0","@types/cipher-base":"^1.0.0","@types/clean-css":"^4.2.5","@types/clone":"^2.1.1","@types/co":"^4.6.3","@types/color":"^3.0.2","@types/color-convert":"^2.0.0","@types/color-name":"^1.1.1","@types/color-string":"^1.5.0","@types/combined-stream":"^1.0.3","@types/command-exists":"^1.2.0","@types/common-tags":"^1.8.1","@types/commondir":"^1.0.0","@types/component-emitter":"^1.2.11","@types/compose-function":"^0.0.30","@types/compressible":"^2.0.0","@types/compression":"^1.7.2","@types/concat-map":"^0.0.1","@types/concat-stream":"^1.6.1","@types/confusing-browser-globals":"^1.0.0","@types/connect-history-api-fallback":"^1.3.5","@types/consolidate":"^0.14.1","@types/content-disposition":"^0.5.4","@types/content-type":"^1.1.5","@types/convert-source-map":"^1.5.2","@types/cookie":"^0.4.1","@types/cookie-signature":"^1.0.3","@types/cookiejar":"^2.1.2","@types/core-js":"^2.5.5","@types/cors":"^2.8.12","@types/create-hash":"^1.2.2","@types/create-hmac":"^1.1.0","@types/cross-spawn":"^6.0.2","@types/css":"^0.0.33","@types/css-declaration-sorter":"^6.0.1","@types/css-to-react-native":"^3.0.0","@types/css-tree":"^1.0.6","@types/cssesc":"^3.0.0","@types/cssnano":"^4.0.1","@types/csso":"^4.2.0","@types/cssom":"^0.4.1","@types/cssstyle":"^2.2.1","@types/d":"^1.0.1","@types/damerau-levenshtein":"^1.0.0","@types/dashdash":"^1.14.1","@types/data-urls":"^2.0.1","@types/debug":"^4.1.7","@types/decode-uri-component":"^0.2.0","@types/dedent":"^0.7.0","@types/deep-equal":"^1.0.1","@types/default-gateway":"^3.0.1","@types/define-properties":"^1.1.3","@types/depd":"^1.1.32","@types/destroy":"^1.0.0","@types/detect-node":"^2.0.0","@types/diff":"^5.0.1","@types/diffie-hellman":"^5.0.0","@types/dir-glob":"^2.0.1","@types/dirty-chai":"^2.0.2","@types/dlv":"^1.1.2","@types/dns-packet":"^5.2.2","@types/doctrine":"^0.0.5","@types/domexception":"^2.0.1","@types/duplexer3":"^0.1.1","@types/duplexify":"^3.6.0","@types/ee-first":"^1.1.0","@types/ejs":"^3.1.0","@types/elliptic":"^6.4.14","@types/encodeurl":"^1.0.0","@types/encoding-down":"^5.0.0","@types/end-of-stream":"^1.4.1","@types/engine.io":"^3.1.7","@types/engine.io-client":"^3.1.5","@types/enhanced-resolve":"^3.0.7","@types/es-abstract":"^1.17.3","@types/es-to-primitive":"^1.2.4","@types/es6-weak-map":"^1.2.0","@types/escape-html":"^1.0.1","@types/escodegen":"^0.0.7","@types/eslint":"^7.28.2","@types/eslint-scope":"^3.7.1","@types/eslint-utils":"^3.0.0","@types/eslint-visitor-keys":"^1.0.0","@types/esprima":"^4.0.3","@types/esquery":"^1.0.2","@types/estraverse":"^5.1.1","@types/esutils":"^2.0.0","@types/etag":"^1.8.1","@types/eth-sig-util":"^2.1.1","@types/ethereum-protocol":"^1.0.2","@types/ethereumjs-abi":"^0.6.3","@types/ethjs-util":"^0.1.0","@types/event-emitter":"^0.3.3","@types/events":"^3.0.0","@types/eventsource":"^1.1.7","@types/exit":"^0.1.31","@types/expand-tilde":"^2.0.0","@types/express":"^4.17.13","@types/extend":"^3.0.1","@types/extsprintf":"^1.4.1","@types/faker":"^5.5.9","@types/fast-fifo":"^1.0.0","@types/fast-levenshtein":"^0.0.2","@types/fb-watchman":"^2.0.1","@types/file-entry-cache":"^5.0.2","@types/finalhandler":"^1.1.1","@types/find-cache-dir":"^3.2.1","@types/findup-sync":"^4.0.1","@types/flat":"^5.0.2","@types/flat-cache":"^2.0.0","@types/flush-write-stream":"^1.0.0","@types/follow-redirects":"^1.13.1","@types/foreach":"^2.0.0","@types/forever-agent":"^0.6.1","@types/forwarded":"^0.1.0","@types/fresh":"^0.5.0","@types/from2":"^2.3.1","@types/fs-extra":"^9.0.13","@types/function-bind":"^1.1.6","@types/functional-red-black-tree":"^1.0.1","@types/get-func-name":"^2.0.0","@types/get-intrinsic":"^1.0.0","@types/get-value":"^3.0.2","@types/getpass":"^0.1.1","@types/git-revision-webpack-plugin":"^3.0.3","@types/glob":"^7.2.0","@types/glob-parent":"^5.1.1","@types/global-modules":"^2.0.0","@types/global-prefix":"^3.0.0","@types/globalthis":"^1.0.1","@types/got":"^9.6.12","@types/graceful-fs":"^4.1.5","@types/has":"^1.0.0","@types/has-symbols":"^1.0.0","@types/hash-sum":"^1.0.0","@types/he":"^1.1.2","@types/heap":"^0.2.28","@types/hex-color-regex":"^1.1.1","@types/history":"^4.7.9","@types/hoist-non-react-statics":"^3.3.1","@types/hosted-git-info":"^3.0.2","@types/html-encoding-sniffer":"^2.0.2","@types/html-escaper":"^3.0.0","@types/html-minifier-terser":"^6.0.0","@types/http-cache-semantics":"^4.0.1","@types/http-errors":"^1.8.1","@types/http-proxy":"^1.17.7","@types/icss-utils":"^4.1.0","@types/iferr":"^1.0.2","@types/immediate":"^3.2.0","@types/imurmurhash":"^0.1.1","@types/inherits":"^0.0.30","@types/ini":"^1.3.31","@types/internal-slot":"^1.0.1","@types/interpret":"^1.1.1","@types/invariant":"^2.2.35","@types/ip":"^1.1.0","@types/is-arguments":"^1.0.0","@types/is-bigint":"^1.0.0","@types/is-boolean-object":"^1.1.0","@types/is-buffer":"^2.0.0","@types/is-callable":"^1.1.0","@types/is-ci":"^3.0.0","@types/is-core-module":"^2.2.0","@types/is-date-object":"^1.0.1","@types/is-function":"^1.0.1","@types/is-generator-function":"^1.0.1","@types/is-glob":"^4.0.2","@types/is-number":"^7.0.1","@types/is-object":"^1.0.2","@types/is-regex":"^1.0.0","@types/is-string":"^1.0.0","@types/is-typedarray":"^1.0.0","@types/is-utf8":"^0.2.0","@types/is-windows":"^1.0.0","@types/isarray":"^2.0.0","@types/isexe":"^2.0.1","@types/isstream":"^0.1.0","@types/istanbul-lib-coverage":"^2.0.3","@types/istanbul-lib-instrument":"^1.7.4","@types/istanbul-lib-report":"^3.0.0","@types/istanbul-lib-source-maps":"^4.0.1","@types/istanbul-reports":"^3.0.1","@types/js-yaml":"^4.0.4","@types/jsbn":"^1.2.29","@types/jsdom":"^16.2.13","@types/jsesc":"^3.0.1","@types/json-buffer":"^3.0.0","@types/json-parse-better-errors":"^1.0.0","@types/json-rpc-random-id":"^1.0.1","@types/json-schema":"^7.0.9","@types/json-stable-stringify":"^1.0.33","@types/json-stringify-safe":"^5.0.0","@types/json3":"^3.3.2","@types/jsonfile":"^6.0.1","@types/k-bucket":"^5.0.1","@types/keccak":"^3.0.1","@types/keyv":"^3.1.3","@types/kind-of":"^6.0.0","@types/klaw":"^3.0.3","@types/language-tags":"^1.0.0","@types/level":"^6.0.0","@types/level-codec":"^9.0.1","@types/level-errors":"^3.0.0","@types/level-js":"^4.0.2","@types/leveldown":"^4.0.3","@types/levelup":"^4.3.3","@types/loader-runner":"^2.2.4","@types/loader-utils":"^2.0.3","@types/lodash":"^4.14.176","@types/lodash.assign":"^4.2.6","@types/lodash.camelcase":"^4.3.6","@types/lodash.clonedeep":"^4.5.6","@types/lodash.debounce":"^4.0.6","@types/lodash.escaperegexp":"^4.1.6","@types/lodash.find":"^4.6.6","@types/lodash.flatmap":"^4.5.6","@types/lodash.flatten":"^4.4.6","@types/lodash.get":"^4.4.6","@types/lodash.max":"^4.0.6","@types/lodash.memoize":"^4.1.6","@types/lodash.merge":"^4.6.6","@types/lodash.padstart":"^4.6.6","@types/lodash.partition":"^4.6.6","@types/lodash.repeat":"^4.1.6","@types/lodash.sum":"^4.0.6","@types/lodash.template":"^4.5.0","@types/lodash.throttle":"^4.1.6","@types/lodash.truncate":"^4.4.6","@types/lodash.uniq":"^4.5.6","@types/long":"^4.0.1","@types/lru-cache":"^5.1.1","@types/media-typer":"^1.1.1","@types/memory-fs":"^0.3.3","@types/memorystream":"^0.3.0","@types/merge-descriptors":"^1.0.1","@types/merge-stream":"^1.1.2","@types/merge2":"^1.3.1","@types/methods":"^1.1.1","@types/micromatch":"^4.0.2","@types/mime":"^2.0.3","@types/mime-db":"^1.43.1","@types/mime-types":"^2.1.1","@types/min-document":"^2.19.0","@types/min-indent":"^1.0.0","@types/mini-css-extract-plugin":"^2.4.0","@types/minimalistic-assert":"^1.0.1","@types/minimatch":"^3.0.5","@types/minimist":"^1.2.2","@types/minipass":"^3.1.0","@types/minizlib":"^2.1.2","@types/mkdirp":"^1.0.2","@types/mocha":"^9.0.0","@types/mock-fs":"^4.13.1","@types/move-concurrently":"^1.0.4","@types/ms":"^0.7.31","@types/multicast-dns":"^7.2.1","@types/murmurhash3js-revisited":"^3.0.0","@types/natural-compare":"^1.4.1","@types/negotiator":"^0.6.1","@types/netmask":"^1.0.30","@types/next-tick":"^1.0.0","@types/nice-try":"^2.1.0","@types/nise":"^1.4.0","@types/node-forge":"^0.10.9","@types/node-int64":"^0.4.29","@types/node-notifier":"^8.0.1","@types/normalize-package-data":"^2.4.1","@types/normalize-path":"^3.0.0","@types/num2fraction":"^1.2.0","@types/number-is-nan":"^2.0.0","@types/nwsapi":"^2.2.2","@types/object-assign":"^4.0.30","@types/object-inspect":"^1.8.1","@types/object-keys":"^1.0.1","@types/object.fromentries":"^2.0.1","@types/object.getownpropertydescriptors":"^2.1.1","@types/object.pick":"^1.3.1","@types/oboe":"^2.1.1","@types/on-finished":"^2.3.1","@types/on-headers":"^1.0.0","@types/once":"^1.4.0","@types/original":"^1.0.0","@types/os-tmpdir":"^1.0.0","@types/p-fifo":"^1.0.0","@types/pako":"^1.0.2","@types/parallel-transform":"^1.1.1","@types/parse-json":"^4.0.0","@types/parse-passwd":"^1.0.0","@types/parse5":"^6.0.2","@types/parse5-htmlparser2-tree-adapter":"^6.0.1","@types/parseurl":"^1.3.1","@types/pascalcase":"^1.0.1","@types/path-browserify":"^1.0.0","@types/path-is-absolute":"^1.0.0","@types/path-is-inside":"^1.0.0","@types/path-parse":"^1.0.19","@types/pathval":"^1.1.0","@types/pbkdf2":"^3.1.0","@types/pem-jwk":"^1.5.1","@types/picomatch":"^2.3.0","@types/pify":"^5.0.1","@types/pngjs":"^6.0.1","@types/postcss-calc":"^7.0.2","@types/postcss-flexbugs-fixes":"^4.2.1","@types/postcss-gap-properties":"^2.0.1","@types/postcss-modules-extract-imports":"^3.0.2","@types/postcss-modules-local-by-default":"^1.2.2","@types/postcss-modules-scope":"^1.1.2","@types/postcss-modules-values":"^3.0.0","@types/postcss-normalize":"^9.0.1","@types/postcss-preset-env":"^6.7.3","@types/postcss-safe-parser":"^5.0.0","@types/precond":"^0.2.28","@types/prelude-ls":"^1.1.29","@types/prettier":"^2.4.1","@types/prismjs":"^1.16.6","@types/private-ip":"^1.0.0","@types/progress":"^2.0.5","@types/promise-inflight":"^1.0.0","@types/promise-polyfill":"^6.0.4","@types/promise-timeout":"^1.3.0","@types/prompts":"^2.0.14","@types/prop-types":"^15.7.4","@types/proper-lockfile":"^4.1.2","@types/protocol-buffers-schema":"^3.4.1","@types/proxy-addr":"^2.0.0","@types/psl":"^1.1.0","@types/pump":"^1.1.1","@types/pumpify":"^1.4.1","@types/punycode":"^2.1.0","@types/q":"^1.5.5","@types/qrcode":"^1.4.1","@types/qrcode.react":"^1.0.2","@types/qs":"^6.9.7","@types/querystringify":"^2.0.0","@types/raf":"^3.4.0","@types/ramda":"^0.27.46","@types/randombytes":"^2.0.0","@types/range-parser":"^1.2.4","@types/react":"^17.0.34","@types/react-dev-utils":"^9.0.8","@types/react-dom":"^17.0.11","@types/react-input-autosize":"^2.2.1","@types/react-is":"^17.0.3","@types/react-lifecycles-compat":"^3.0.1","@types/react-router":"^5.1.17","@types/react-router-dom":"^5.3.2","@types/react-transition-group":"^4.4.4","@types/readable-stream":"^2.3.11","@types/recursive-readdir":"^2.2.0","@types/regenerate":"^1.4.1","@types/regenerator-runtime":"^0.13.1","@types/relateurl":"^0.2.29","@types/repeat-element":"^1.1.0","@types/repeat-string":"^1.6.2","@types/replace-ext":"^2.0.0","@types/request":"^2.48.7","@types/require-directory":"^2.1.2","@types/require-from-string":"^1.2.1","@types/requires-port":"^1.0.0","@types/resolve":"^1.20.1","@types/responselike":"^1.0.0","@types/retry":"^0.12.1","@types/right-align":"^0.1.0","@types/rimraf":"^3.0.2","@types/ripemd160":"^2.0.0","@types/rsvp":"^4.0.4","@types/run-parallel":"^1.1.0","@types/safe-regex":"^1.1.3","@types/safer-buffer":"^2.1.0","@types/sane":"^2.0.1","@types/sass":"^1.43.0","@types/sax":"^1.2.3","@types/scheduler":"^0.16.2","@types/scss-parser":"^1.0.1","@types/secp256k1":"^4.0.3","@types/semaphore":"^1.1.1","@types/semver":"^7.3.9","@types/semver-compare":"^1.0.1","@types/send":"^0.17.1","@types/serialize-javascript":"^5.0.1","@types/serve-index":"^1.9.1","@types/serve-static":"^1.13.10","@types/set-value":"^4.0.1","@types/setimmediate":"^1.0.2","@types/sha.js":"^2.4.0","@types/shallowequal":"^1.1.1","@types/shebang-command":"^1.2.0","@types/shell-quote":"^1.7.1","@types/signal-exit":"^3.0.1","@types/sinon":"^10.0.6","@types/slice-ansi":"^5.0.0","@types/sockjs":"^0.3.33","@types/sockjs-client":"^1.5.1","@types/source-list-map":"^0.1.2","@types/source-map-support":"^0.5.4","@types/spdx-correct":"^2.0.0","@types/spdx-expression-parse":"^3.0.1","@types/spdy":"^3.4.5","@types/sprintf-js":"^1.1.2","@types/sshpk":"^1.10.7","@types/ssri":"^7.1.1","@types/stack-utils":"^2.0.1","@types/statuses":"^2.0.0","@types/stream-each":"^1.2.0","@types/stream-shift":"^1.0.0","@types/strict-uri-encode":"^2.0.0","@types/string-hash":"^1.1.1","@types/string-natural-compare":"^3.0.2","@types/string.prototype.matchall":"^4.0.0","@types/stringify-object":"^4.0.0","@types/strip-comments":"^2.0.1","@types/strip-final-newline":"^3.0.0","@types/styled-components":"^5.1.15","@types/stylis":"^4.0.2","@types/supports-color":"^8.1.1","@types/svg-parser":"^2.0.3","@types/svgo":"^2.6.0","@types/symbol-tree":"^3.2.2","@types/tapable":"^2.2.2","@types/tar":"^6.1.0","@types/text-table":"^0.2.2","@types/through2":"^2.0.36","@types/thunky":"^1.1.0","@types/timsort":"^0.3.0","@types/tmp":"^0.2.2","@types/tmpl":"^1.0.0","@types/to-regex":"^3.0.0","@types/tough-cookie":"^4.0.1","@types/trim":"^0.1.1","@types/truncate-utf8-bytes":"^1.0.0","@types/tryer":"^1.0.2","@types/type-check":"^0.3.27","@types/type-detect":"^4.0.1","@types/type-is":"^1.6.3","@types/ua-parser-js":"^0.7.36","@types/uglify-js":"^3.13.1","@types/ultron":"^1.1.0","@types/underscore":"^1.11.3","@types/uniq":"^0.0.27","@types/universalify":"^1.0.0","@types/urix":"^0.1.0","@types/url-parse":"^1.4.4","@types/url-parse-lax":"^5.0.0","@types/utf-8-validate":"^5.0.0","@types/utf8":"^3.0.0","@types/util-deprecate":"^1.0.0","@types/util.promisify":"^1.0.4","@types/utils-merge":"^0.0.28","@types/uuid":"^8.3.1","@types/validate-npm-package-license":"^3.0.1","@types/varint":"^6.0.0","@types/vary":"^1.1.0","@types/verror":"^1.10.5","@types/w3c-hr-time":"^1.0.0","@types/w3c-xmlserializer":"^2.0.2","@types/warning":"^3.0.0","@types/watchpack":"^1.1.7","@types/web3-provider-engine":"^14.0.1","@types/webidl-conversions":"^6.1.1","@types/webpack":"^5.28.0","@types/webpack-manifest-plugin":"^3.0.5","@types/webpack-sources":"^3.2.0","@types/websocket":"^1.0.4","@types/whatwg-encoding":"^1.0.0","@types/whatwg-mimetype":"^2.1.1","@types/whatwg-url":"^8.2.1","@types/which":"^2.0.1","@types/window-size":"^1.1.0","@types/wordwrap":"^1.0.1","@types/workbox-build":"^5.0.1","@types/workbox-sw":"^4.3.2","@types/workbox-webpack-plugin":"^5.1.8","@types/wrap-ansi":"^8.0.1","@types/write-file-atomic":"^3.0.2","@types/ws":"^8.2.0","@types/xsalsa20":"^1.1.0","@types/xtend":"^4.0.4","@types/yaeti":"^1.0.0","@types/yallist":"^4.0.1","@types/yargs":"^17.0.5","@types/yargs-parser":"^20.2.1","@types/yargs-unparser":"^2.0.1","@types/yeast":"^0.1.1"}}
[14:00:49.517] Loaded content of '/home/user/.cache/typescript/4.4/package-lock.json'
[14:00:49.536] Adding entry into typings cache: 'abstract-leveldown' => '/home/user/.cache/typescript/4.4/node_modules/@types/abstract-leveldown/index.d.ts'
[14:00:49.540] Adding entry into typings cache: 'accepts' => '/home/user/.cache/typescript/4.4/node_modules/@types/accepts/index.d.ts'
[14:00:49.544] Adding entry into typings cache: 'adm-zip' => '/home/user/.cache/typescript/4.4/node_modules/@types/adm-zip/index.d.ts'
[14:00:49.548] Adding entry into typings cache: 'aes-js' => '/home/user/.cache/typescript/4.4/node_modules/@types/aes-js/index.d.ts'
[14:00:49.551] Adding entry into typings cache: 'align-text' => '/home/user/.cache/typescript/4.4/node_modules/@types/align-text/index.d.ts'
[14:00:49.557] Adding entry into typings cache: 'argparse' => '/home/user/.cache/typescript/4.4/node_modules/@types/argparse/index.d.ts'
[14:00:49.561] Adding entry into typings cache: 'aria-query' => '/home/user/.cache/typescript/4.4/node_modules/@types/aria-query/index.d.ts'
[14:00:49.572] Adding entry into typings cache: 'arr-diff' => '/home/user/.cache/typescript/4.4/node_modules/@types/arr-diff/index.d.ts'
[14:00:49.581] Adding entry into typings cache: 'arr-union' => '/home/user/.cache/typescript/4.4/node_modules/@types/arr-union/index.d.ts'
[14:00:49.590] Adding entry into typings cache: 'array-unique' => '/home/user/.cache/typescript/4.4/node_modules/@types/array-unique/index.d.ts'
[14:00:49.593] Adding entry into typings cache: 'array.prototype.flat' => '/home/user/.cache/typescript/4.4/node_modules/@types/array.prototype.flat/index.d.ts'
[14:00:49.596] Adding entry into typings cache: 'array.prototype.flatmap' => '/home/user/.cache/typescript/4.4/node_modules/@types/array.prototype.flatmap/index.d.ts'
[14:00:49.599] Adding entry into typings cache: 'asap' => '/home/user/.cache/typescript/4.4/node_modules/@types/asap/index.d.ts'
[14:00:49.602] Adding entry into typings cache: 'asn1' => '/home/user/.cache/typescript/4.4/node_modules/@types/asn1/index.d.ts'
[14:00:49.605] Adding entry into typings cache: 'assert' => '/home/user/.cache/typescript/4.4/node_modules/@types/assert/index.d.ts'
[14:00:49.607] Adding entry into typings cache: 'assert-plus' => '/home/user/.cache/typescript/4.4/node_modules/@types/assert-plus/index.d.ts'
[14:00:49.611] Adding entry into typings cache: 'async' => '/home/user/.cache/typescript/4.4/node_modules/@types/async/index.d.ts'
[14:00:49.614] Adding entry into typings cache: 'async-eventemitter' => '/home/user/.cache/typescript/4.4/node_modules/@types/async-eventemitter/index.d.ts'
[14:00:49.621] Adding entry into typings cache: 'atob' => '/home/user/.cache/typescript/4.4/node_modules/@types/atob/index.d.ts'
[14:00:49.627] Adding entry into typings cache: 'aws4' => '/home/user/.cache/typescript/4.4/node_modules/@types/aws4/index.d.ts'
[14:00:49.630] Adding entry into typings cache: 'babel-plugin-macros' => '/home/user/.cache/typescript/4.4/node_modules/@types/babel-plugin-macros/index.d.ts'
[14:00:49.633] Adding entry into typings cache: 'babel-plugin-syntax-jsx' => '/home/user/.cache/typescript/4.4/node_modules/@types/babel-plugin-syntax-jsx/index.d.ts'
[14:00:49.636] Adding entry into typings cache: 'babylon' => '/home/user/.cache/typescript/4.4/node_modules/@types/babylon/index.d.ts'
[14:00:49.638] Adding entry into typings cache: 'backo2' => '/home/user/.cache/typescript/4.4/node_modules/@types/backo2/index.d.ts'
[14:00:49.640] Adding entry into typings cache: 'backoff' => '/home/user/.cache/typescript/4.4/node_modules/@types/backoff/index.d.ts'
[14:00:49.643] Adding entry into typings cache: 'balanced-match' => '/home/user/.cache/typescript/4.4/node_modules/@types/balanced-match/index.d.ts'
[14:00:49.645] Adding entry into typings cache: 'base64id' => '/home/user/.cache/typescript/4.4/node_modules/@types/base64id/index.d.ts'
[14:00:49.648] Adding entry into typings cache: 'big.js' => '/home/user/.cache/typescript/4.4/node_modules/@types/big.js/index.d.ts'
[14:00:49.650] Adding entry into typings cache: 'bindings' => '/home/user/.cache/typescript/4.4/node_modules/@types/bindings/index.d.ts'
[14:00:49.652] Adding entry into typings cache: 'bintrees' => '/home/user/.cache/typescript/4.4/node_modules/@types/bintrees/index.d.ts'
[14:00:49.655] Adding entry into typings cache: 'bl' => '/home/user/.cache/typescript/4.4/node_modules/@types/bl/index.d.ts'
[14:00:49.658] Adding entry into typings cache: 'bluebird' => '/home/user/.cache/typescript/4.4/node_modules/@types/bluebird/index.d.ts'
[14:00:49.663] Adding entry into typings cache: 'bn.js' => '/home/user/.cache/typescript/4.4/node_modules/@types/bn.js/index.d.ts'
[14:00:49.669] Adding entry into typings cache: 'body-parser' => '/home/user/.cache/typescript/4.4/node_modules/@types/body-parser/index.d.ts'
[14:00:49.672] Adding entry into typings cache: 'bonjour' => '/home/user/.cache/typescript/4.4/node_modules/@types/bonjour/index.d.ts'
[14:00:49.675] Adding entry into typings cache: 'boolbase' => '/home/user/.cache/typescript/4.4/node_modules/@types/boolbase/index.d.ts'
[14:00:49.677] Adding entry into typings cache: 'brace-expansion' => '/home/user/.cache/typescript/4.4/node_modules/@types/brace-expansion/index.d.ts'
[14:00:49.685] Adding entry into typings cache: 'braces' => '/home/user/.cache/typescript/4.4/node_modules/@types/braces/index.d.ts'
[14:00:49.687] Adding entry into typings cache: 'brorand' => '/home/user/.cache/typescript/4.4/node_modules/@types/brorand/index.d.ts'
[14:00:49.690] Adding entry into typings cache: 'bs58' => '/home/user/.cache/typescript/4.4/node_modules/@types/bs58/index.d.ts'
[14:00:49.693] Adding entry into typings cache: 'bs58check' => '/home/user/.cache/typescript/4.4/node_modules/@types/bs58check/index.d.ts'
[14:00:49.696] Adding entry into typings cache: 'bser' => '/home/user/.cache/typescript/4.4/node_modules/@types/bser/index.d.ts'
[14:00:49.699] Adding entry into typings cache: 'btoa' => '/home/user/.cache/typescript/4.4/node_modules/@types/btoa/index.d.ts'
[14:00:49.703] Adding entry into typings cache: 'buffer-from' => '/home/user/.cache/typescript/4.4/node_modules/@types/buffer-from/index.d.ts'
[14:00:49.706] Adding entry into typings cache: 'buffer-xor' => '/home/user/.cache/typescript/4.4/node_modules/@types/buffer-xor/index.d.ts'
[14:00:49.710] Adding entry into typings cache: 'bytes' => '/home/user/.cache/typescript/4.4/node_modules/@types/bytes/index.d.ts'
[14:00:49.713] Adding entry into typings cache: 'cacache' => '/home/user/.cache/typescript/4.4/node_modules/@types/cacache/index.d.ts'
[14:00:49.716] Adding entry into typings cache: 'cacheable-request' => '/home/user/.cache/typescript/4.4/node_modules/@types/cacheable-request/index.d.ts'
[14:00:49.722] Adding entry into typings cache: 'call-bind' => '/home/user/.cache/typescript/4.4/node_modules/@types/call-bind/index.d.ts'
[14:00:49.724] Adding entry into typings cache: 'caniuse-api' => '/home/user/.cache/typescript/4.4/node_modules/@types/caniuse-api/index.d.ts'
[14:00:49.731] Adding entry into typings cache: 'caniuse-lite' => '/home/user/.cache/typescript/4.4/node_modules/@types/caniuse-lite/index.d.ts'
[14:00:49.734] Adding entry into typings cache: 'case-sensitive-paths-webpack-plugin' => '/home/user/.cache/typescript/4.4/node_modules/@types/case-sensitive-paths-webpack-plugin/index.d.ts'
[14:00:49.737] Adding entry into typings cache: 'caseless' => '/home/user/.cache/typescript/4.4/node_modules/@types/caseless/index.d.ts'
[14:00:49.740] Adding entry into typings cache: 'center-align' => '/home/user/.cache/typescript/4.4/node_modules/@types/center-align/index.d.ts'
[14:00:49.744] Adding entry into typings cache: 'chai' => '/home/user/.cache/typescript/4.4/node_modules/@types/chai/index.d.ts'
[14:00:49.746] Adding entry into typings cache: 'check-error' => '/home/user/.cache/typescript/4.4/node_modules/@types/check-error/index.d.ts'
[14:00:49.748] Adding entry into typings cache: 'check-types' => '/home/user/.cache/typescript/4.4/node_modules/@types/check-types/index.d.ts'
[14:00:49.756] Adding entry into typings cache: 'chownr' => '/home/user/.cache/typescript/4.4/node_modules/@types/chownr/index.d.ts'
[14:00:49.759] Adding entry into typings cache: 'cipher-base' => '/home/user/.cache/typescript/4.4/node_modules/@types/cipher-base/index.d.ts'
[14:00:49.763] Adding entry into typings cache: 'clean-css' => '/home/user/.cache/typescript/4.4/node_modules/@types/clean-css/index.d.ts'
[14:00:49.766] Adding entry into typings cache: 'clone' => '/home/user/.cache/typescript/4.4/node_modules/@types/clone/index.d.ts'
[14:00:49.772] Adding entry into typings cache: 'co' => '/home/user/.cache/typescript/4.4/node_modules/@types/co/index.d.ts'
[14:00:49.775] Adding entry into typings cache: 'color' => '/home/user/.cache/typescript/4.4/node_modules/@types/color/index.d.ts'
[14:00:49.785] Adding entry into typings cache: 'color-convert' => '/home/user/.cache/typescript/4.4/node_modules/@types/color-convert/index.d.ts'
[14:00:49.791] Adding entry into typings cache: 'color-name' => '/home/user/.cache/typescript/4.4/node_modules/@types/color-name/index.d.ts'
[14:00:49.796] Adding entry into typings cache: 'color-string' => '/home/user/.cache/typescript/4.4/node_modules/@types/color-string/index.d.ts'
[14:00:49.803] Adding entry into typings cache: 'combined-stream' => '/home/user/.cache/typescript/4.4/node_modules/@types/combined-stream/index.d.ts'
[14:00:49.804] Adding entry into typings cache: 'command-exists' => '/home/user/.cache/typescript/4.4/node_modules/@types/command-exists/index.d.ts'
[14:00:49.807] Adding entry into typings cache: 'common-tags' => '/home/user/.cache/typescript/4.4/node_modules/@types/common-tags/index.d.ts'
[14:00:49.810] Adding entry into typings cache: 'commondir' => '/home/user/.cache/typescript/4.4/node_modules/@types/commondir/index.d.ts'
[14:00:49.814] Adding entry into typings cache: 'component-emitter' => '/home/user/.cache/typescript/4.4/node_modules/@types/component-emitter/index.d.ts'
[14:00:49.819] Adding entry into typings cache: 'compose-function' => '/home/user/.cache/typescript/4.4/node_modules/@types/compose-function/index.d.ts'
[14:00:49.821] Adding entry into typings cache: 'compressible' => '/home/user/.cache/typescript/4.4/node_modules/@types/compressible/index.d.ts'
[14:00:49.823] Adding entry into typings cache: 'compression' => '/home/user/.cache/typescript/4.4/node_modules/@types/compression/index.d.ts'
[14:00:49.825] Adding entry into typings cache: 'concat-map' => '/home/user/.cache/typescript/4.4/node_modules/@types/concat-map/index.d.ts'
[14:00:49.826] Adding entry into typings cache: 'concat-stream' => '/home/user/.cache/typescript/4.4/node_modules/@types/concat-stream/index.d.ts'
[14:00:49.828] Adding entry into typings cache: 'confusing-browser-globals' => '/home/user/.cache/typescript/4.4/node_modules/@types/confusing-browser-globals/index.d.ts'
[14:00:49.830] Adding entry into typings cache: 'connect-history-api-fallback' => '/home/user/.cache/typescript/4.4/node_modules/@types/connect-history-api-fallback/index.d.ts'
[14:00:49.834] Adding entry into typings cache: 'consolidate' => '/home/user/.cache/typescript/4.4/node_modules/@types/consolidate/index.d.ts'
[14:00:49.837] Adding entry into typings cache: 'content-disposition' => '/home/user/.cache/typescript/4.4/node_modules/@types/content-disposition/index.d.ts'
[14:00:49.840] Adding entry into typings cache: 'content-type' => '/home/user/.cache/typescript/4.4/node_modules/@types/content-type/index.d.ts'
[14:00:49.841] Adding entry into typings cache: 'convert-source-map' => '/home/user/.cache/typescript/4.4/node_modules/@types/convert-source-map/index.d.ts'
[14:00:49.843] Adding entry into typings cache: 'cookie' => '/home/user/.cache/typescript/4.4/node_modules/@types/cookie/index.d.ts'
[14:00:49.850] Adding entry into typings cache: 'cookie-signature' => '/home/user/.cache/typescript/4.4/node_modules/@types/cookie-signature/index.d.ts'
[14:00:49.854] Adding entry into typings cache: 'cookiejar' => '/home/user/.cache/typescript/4.4/node_modules/@types/cookiejar/index.d.ts'
[14:00:49.856] Adding entry into typings cache: 'core-js' => '/home/user/.cache/typescript/4.4/node_modules/@types/core-js/index.d.ts'
[14:00:49.859] Adding entry into typings cache: 'cors' => '/home/user/.cache/typescript/4.4/node_modules/@types/cors/index.d.ts'
[14:00:49.861] Adding entry into typings cache: 'create-hash' => '/home/user/.cache/typescript/4.4/node_modules/@types/create-hash/index.d.ts'
[14:00:49.862] Adding entry into typings cache: 'create-hmac' => '/home/user/.cache/typescript/4.4/node_modules/@types/create-hmac/index.d.ts'
[14:00:49.864] Adding entry into typings cache: 'cross-spawn' => '/home/user/.cache/typescript/4.4/node_modules/@types/cross-spawn/index.d.ts'
[14:00:49.870] Adding entry into typings cache: 'css' => '/home/user/.cache/typescript/4.4/node_modules/@types/css/index.d.ts'
[14:00:49.872] Adding entry into typings cache: 'css-declaration-sorter' => '/home/user/.cache/typescript/4.4/node_modules/@types/css-declaration-sorter/index.d.ts'
[14:00:49.874] Adding entry into typings cache: 'css-to-react-native' => '/home/user/.cache/typescript/4.4/node_modules/@types/css-to-react-native/index.d.ts'
[14:00:49.875] Adding entry into typings cache: 'css-tree' => '/home/user/.cache/typescript/4.4/node_modules/@types/css-tree/index.d.ts'
[14:00:49.879] Adding entry into typings cache: 'cssesc' => '/home/user/.cache/typescript/4.4/node_modules/@types/cssesc/index.d.ts'
[14:00:49.881] Adding entry into typings cache: 'cssnano' => '/home/user/.cache/typescript/4.4/node_modules/@types/cssnano/index.d.ts'
[14:00:49.883] Adding entry into typings cache: 'csso' => '/home/user/.cache/typescript/4.4/node_modules/@types/csso/index.d.ts'
[14:00:49.884] Adding entry into typings cache: 'cssom' => '/home/user/.cache/typescript/4.4/node_modules/@types/cssom/index.d.ts'
[14:00:49.886] Adding entry into typings cache: 'cssstyle' => '/home/user/.cache/typescript/4.4/node_modules/@types/cssstyle/index.d.ts'
[14:00:49.889] Adding entry into typings cache: 'd' => '/home/user/.cache/typescript/4.4/node_modules/@types/d/index.d.ts'
[14:00:49.891] Adding entry into typings cache: 'damerau-levenshtein' => '/home/user/.cache/typescript/4.4/node_modules/@types/damerau-levenshtein/index.d.ts'
[14:00:49.908] Adding entry into typings cache: 'dashdash' => '/home/user/.cache/typescript/4.4/node_modules/@types/dashdash/index.d.ts'
[14:00:49.909] Adding entry into typings cache: 'data-urls' => '/home/user/.cache/typescript/4.4/node_modules/@types/data-urls/index.d.ts'
[14:00:49.914] Adding entry into typings cache: 'debug' => '/home/user/.cache/typescript/4.4/node_modules/@types/debug/index.d.ts'
[14:00:49.918] Adding entry into typings cache: 'decode-uri-component' => '/home/user/.cache/typescript/4.4/node_modules/@types/decode-uri-component/index.d.ts'
[14:00:49.919] Adding entry into typings cache: 'dedent' => '/home/user/.cache/typescript/4.4/node_modules/@types/dedent/index.d.ts'
[14:00:49.921] Adding entry into typings cache: 'deep-equal' => '/home/user/.cache/typescript/4.4/node_modules/@types/deep-equal/index.d.ts'
[14:00:49.923] Adding entry into typings cache: 'default-gateway' => '/home/user/.cache/typescript/4.4/node_modules/@types/default-gateway/index.d.ts'
[14:00:49.925] Adding entry into typings cache: 'define-properties' => '/home/user/.cache/typescript/4.4/node_modules/@types/define-properties/index.d.ts'
[14:00:49.928] Adding entry into typings cache: 'depd' => '/home/user/.cache/typescript/4.4/node_modules/@types/depd/index.d.ts'
[14:00:49.929] Adding entry into typings cache: 'destroy' => '/home/user/.cache/typescript/4.4/node_modules/@types/destroy/index.d.ts'
[14:00:49.931] Adding entry into typings cache: 'detect-node' => '/home/user/.cache/typescript/4.4/node_modules/@types/detect-node/index.d.ts'
[14:00:49.935] Adding entry into typings cache: 'diff' => '/home/user/.cache/typescript/4.4/node_modules/@types/diff/index.d.ts'
[14:00:49.937] Adding entry into typings cache: 'diffie-hellman' => '/home/user/.cache/typescript/4.4/node_modules/@types/diffie-hellman/index.d.ts'
[14:00:49.939] Adding entry into typings cache: 'dir-glob' => '/home/user/.cache/typescript/4.4/node_modules/@types/dir-glob/index.d.ts'
[14:00:49.941] Adding entry into typings cache: 'dirty-chai' => '/home/user/.cache/typescript/4.4/node_modules/@types/dirty-chai/index.d.ts'
[14:00:49.942] Adding entry into typings cache: 'dlv' => '/home/user/.cache/typescript/4.4/node_modules/@types/dlv/index.d.ts'
[14:00:49.944] Adding entry into typings cache: 'dns-packet' => '/home/user/.cache/typescript/4.4/node_modules/@types/dns-packet/index.d.ts'
[14:00:49.945] Adding entry into typings cache: 'doctrine' => '/home/user/.cache/typescript/4.4/node_modules/@types/doctrine/index.d.ts'
[14:00:49.946] Adding entry into typings cache: 'domexception' => '/home/user/.cache/typescript/4.4/node_modules/@types/domexception/index.d.ts'
[14:00:49.948] Adding entry into typings cache: 'duplexer3' => '/home/user/.cache/typescript/4.4/node_modules/@types/duplexer3/index.d.ts'
[14:00:49.952] Adding entry into typings cache: 'duplexify' => '/home/user/.cache/typescript/4.4/node_modules/@types/duplexify/index.d.ts'
[14:00:49.953] Adding entry into typings cache: 'ee-first' => '/home/user/.cache/typescript/4.4/node_modules/@types/ee-first/index.d.ts'
[14:00:49.955] Adding entry into typings cache: 'ejs' => '/home/user/.cache/typescript/4.4/node_modules/@types/ejs/index.d.ts'
[14:00:49.956] Adding entry into typings cache: 'elliptic' => '/home/user/.cache/typescript/4.4/node_modules/@types/elliptic/index.d.ts'
[14:00:49.958] Adding entry into typings cache: 'encodeurl' => '/home/user/.cache/typescript/4.4/node_modules/@types/encodeurl/index.d.ts'
[14:00:49.959] Adding entry into typings cache: 'encoding-down' => '/home/user/.cache/typescript/4.4/node_modules/@types/encoding-down/index.d.ts'
[14:00:49.960] Adding entry into typings cache: 'end-of-stream' => '/home/user/.cache/typescript/4.4/node_modules/@types/end-of-stream/index.d.ts'
[14:00:49.961] Adding entry into typings cache: 'engine.io' => '/home/user/.cache/typescript/4.4/node_modules/@types/engine.io/index.d.ts'
[14:00:49.963] Adding entry into typings cache: 'engine.io-client' => '/home/user/.cache/typescript/4.4/node_modules/@types/engine.io-client/index.d.ts'
[14:00:49.968] Adding entry into typings cache: 'enhanced-resolve' => '/home/user/.cache/typescript/4.4/node_modules/enhanced-resolve/types.d.ts'
[14:00:49.969] Adding entry into typings cache: 'es-abstract' => '/home/user/.cache/typescript/4.4/node_modules/@types/es-abstract/index.d.ts'
[14:00:49.971] Adding entry into typings cache: 'es-to-primitive' => '/home/user/.cache/typescript/4.4/node_modules/@types/es-to-primitive/index.d.ts'
[14:00:49.973] Adding entry into typings cache: 'es6-weak-map' => '/home/user/.cache/typescript/4.4/node_modules/@types/es6-weak-map/index.d.ts'
[14:00:49.976] Adding entry into typings cache: 'escape-html' => '/home/user/.cache/typescript/4.4/node_modules/@types/escape-html/index.d.ts'
[14:00:49.977] Adding entry into typings cache: 'escodegen' => '/home/user/.cache/typescript/4.4/node_modules/@types/escodegen/index.d.ts'
[14:00:49.981] Adding entry into typings cache: 'eslint' => '/home/user/.cache/typescript/4.4/node_modules/@types/eslint/index.d.ts'
[14:00:49.986] Adding entry into typings cache: 'eslint-scope' => '/home/user/.cache/typescript/4.4/node_modules/@types/eslint-scope/index.d.ts'
[14:00:49.988] Adding entry into typings cache: 'eslint-utils' => '/home/user/.cache/typescript/4.4/node_modules/@types/eslint-utils/index.d.ts'
[14:00:49.989] Adding entry into typings cache: 'eslint-visitor-keys' => '/home/user/.cache/typescript/4.4/node_modules/@types/eslint-visitor-keys/index.d.ts'
[14:00:49.991] Adding entry into typings cache: 'esprima' => '/home/user/.cache/typescript/4.4/node_modules/@types/esprima/index.d.ts'
[14:00:49.993] Adding entry into typings cache: 'esquery' => '/home/user/.cache/typescript/4.4/node_modules/@types/esquery/index.d.ts'
[14:00:49.996] Adding entry into typings cache: 'estraverse' => '/home/user/.cache/typescript/4.4/node_modules/@types/estraverse/index.d.ts'
[14:00:49.997] Adding entry into typings cache: 'esutils' => '/home/user/.cache/typescript/4.4/node_modules/@types/esutils/index.d.ts'
[14:00:50.000] Adding entry into typings cache: 'etag' => '/home/user/.cache/typescript/4.4/node_modules/@types/etag/index.d.ts'
[14:00:50.001] Adding entry into typings cache: 'eth-sig-util' => '/home/user/.cache/typescript/4.4/node_modules/@types/eth-sig-util/index.d.ts'
[14:00:50.002] Adding entry into typings cache: 'ethereum-protocol' => '/home/user/.cache/typescript/4.4/node_modules/@types/ethereum-protocol/index.d.ts'
[14:00:50.004] Adding entry into typings cache: 'ethereumjs-abi' => '/home/user/.cache/typescript/4.4/node_modules/@types/ethereumjs-abi/index.d.ts'
[14:00:50.005] Adding entry into typings cache: 'ethjs-util' => '/home/user/.cache/typescript/4.4/node_modules/@types/ethjs-util/index.d.ts'
[14:00:50.006] Adding entry into typings cache: 'event-emitter' => '/home/user/.cache/typescript/4.4/node_modules/@types/event-emitter/index.d.ts'
[14:00:50.018] Adding entry into typings cache: 'events' => '/home/user/.cache/typescript/4.4/node_modules/@types/events/index.d.ts'
[14:00:50.020] Adding entry into typings cache: 'eventsource' => '/home/user/.cache/typescript/4.4/node_modules/@types/eventsource/index.d.ts'
[14:00:50.021] Adding entry into typings cache: 'exit' => '/home/user/.cache/typescript/4.4/node_modules/@types/exit/index.d.ts'
[14:00:50.023] Adding entry into typings cache: 'expand-tilde' => '/home/user/.cache/typescript/4.4/node_modules/@types/expand-tilde/index.d.ts'
[14:00:50.024] Adding entry into typings cache: 'express' => '/home/user/.cache/typescript/4.4/node_modules/@types/express/index.d.ts'
[14:00:50.026] Adding entry into typings cache: 'extend' => '/home/user/.cache/typescript/4.4/node_modules/@types/extend/index.d.ts'
[14:00:50.027] Adding entry into typings cache: 'extsprintf' => '/home/user/.cache/typescript/4.4/node_modules/@types/extsprintf/index.d.ts'
[14:00:50.029] Adding entry into typings cache: 'faker' => '/home/user/.cache/typescript/4.4/node_modules/@types/faker/index.d.ts'
[14:00:50.030] Adding entry into typings cache: 'fast-fifo' => '/home/user/.cache/typescript/4.4/node_modules/@types/fast-fifo/index.d.ts'
[14:00:50.031] Adding entry into typings cache: 'fast-levenshtein' => '/home/user/.cache/typescript/4.4/node_modules/@types/fast-levenshtein/index.d.ts'
[14:00:50.032] Adding entry into typings cache: 'fb-watchman' => '/home/user/.cache/typescript/4.4/node_modules/@types/fb-watchman/index.d.ts'
[14:00:50.035] Adding entry into typings cache: 'file-entry-cache' => '/home/user/.cache/typescript/4.4/node_modules/@types/file-entry-cache/index.d.ts'
[14:00:50.036] Adding entry into typings cache: 'finalhandler' => '/home/user/.cache/typescript/4.4/node_modules/@types/finalhandler/index.d.ts'
[14:00:50.037] Adding entry into typings cache: 'find-cache-dir' => '/home/user/.cache/typescript/4.4/node_modules/@types/find-cache-dir/index.d.ts'
[14:00:50.038] Adding entry into typings cache: 'findup-sync' => '/home/user/.cache/typescript/4.4/node_modules/@types/findup-sync/index.d.ts'
[14:00:50.039] Adding entry into typings cache: 'flat' => '/home/user/.cache/typescript/4.4/node_modules/@types/flat/index.d.ts'
[14:00:50.040] Adding entry into typings cache: 'flat-cache' => '/home/user/.cache/typescript/4.4/node_modules/@types/flat-cache/index.d.ts'
[14:00:50.041] Adding entry into typings cache: 'flush-write-stream' => '/home/user/.cache/typescript/4.4/node_modules/@types/flush-write-stream/index.d.ts'
[14:00:50.043] Adding entry into typings cache: 'follow-redirects' => '/home/user/.cache/typescript/4.4/node_modules/@types/follow-redirects/index.d.ts'
[14:00:50.045] Adding entry into typings cache: 'foreach' => '/home/user/.cache/typescript/4.4/node_modules/@types/foreach/index.d.ts'
[14:00:50.046] Adding entry into typings cache: 'forever-agent' => '/home/user/.cache/typescript/4.4/node_modules/@types/forever-agent/index.d.ts'
[14:00:50.046] Adding entry into typings cache: 'forwarded' => '/home/user/.cache/typescript/4.4/node_modules/@types/forwarded/index.d.ts'
[14:00:50.047] Adding entry into typings cache: 'fresh' => '/home/user/.cache/typescript/4.4/node_modules/@types/fresh/index.d.ts'
[14:00:50.048] Adding entry into typings cache: 'from2' => '/home/user/.cache/typescript/4.4/node_modules/@types/from2/index.d.ts'
[14:00:50.050] Adding entry into typings cache: 'fs-extra' => '/home/user/.cache/typescript/4.4/node_modules/@types/fs-extra/index.d.ts'
[14:00:50.051] Adding entry into typings cache: 'function-bind' => '/home/user/.cache/typescript/4.4/node_modules/@types/function-bind/index.d.ts'
[14:00:50.052] Adding entry into typings cache: 'functional-red-black-tree' => '/home/user/.cache/typescript/4.4/node_modules/@types/functional-red-black-tree/index.d.ts'
[14:00:50.053] Adding entry into typings cache: 'get-func-name' => '/home/user/.cache/typescript/4.4/node_modules/@types/get-func-name/index.d.ts'
[14:00:50.054] Adding entry into typings cache: 'get-intrinsic' => '/home/user/.cache/typescript/4.4/node_modules/@types/get-intrinsic/index.d.ts'
[14:00:50.057] Adding entry into typings cache: 'get-value' => '/home/user/.cache/typescript/4.4/node_modules/@types/get-value/index.d.ts'
[14:00:50.058] Adding entry into typings cache: 'getpass' => '/home/user/.cache/typescript/4.4/node_modules/@types/getpass/index.d.ts'
[14:00:50.059] Adding entry into typings cache: 'git-revision-webpack-plugin' => '/home/user/.cache/typescript/4.4/node_modules/@types/git-revision-webpack-plugin/index.d.ts'
[14:00:50.061] Adding entry into typings cache: 'glob' => '/home/user/.cache/typescript/4.4/node_modules/@types/glob/index.d.ts'
[14:00:50.063] Adding entry into typings cache: 'glob-parent' => '/home/user/.cache/typescript/4.4/node_modules/@types/glob-parent/index.d.ts'
[14:00:50.064] Adding entry into typings cache: 'global-modules' => '/home/user/.cache/typescript/4.4/node_modules/@types/global-modules/index.d.ts'
[14:00:50.065] Adding entry into typings cache: 'global-prefix' => '/home/user/.cache/typescript/4.4/node_modules/@types/global-prefix/index.d.ts'
[14:00:50.066] Adding entry into typings cache: 'globalthis' => '/home/user/.cache/typescript/4.4/node_modules/@types/globalthis/index.d.ts'
[14:00:50.069] Adding entry into typings cache: 'got' => '/home/user/.cache/typescript/4.4/node_modules/@types/got/index.d.ts'
[14:00:50.071] Adding entry into typings cache: 'graceful-fs' => '/home/user/.cache/typescript/4.4/node_modules/@types/graceful-fs/index.d.ts'
[14:00:50.072] Adding entry into typings cache: 'has' => '/home/user/.cache/typescript/4.4/node_modules/@types/has/index.d.ts'
[14:00:50.073] Adding entry into typings cache: 'has-symbols' => '/home/user/.cache/typescript/4.4/node_modules/@types/has-symbols/index.d.ts'
[14:00:50.075] Adding entry into typings cache: 'hash-sum' => '/home/user/.cache/typescript/4.4/node_modules/@types/hash-sum/index.d.ts'
[14:00:50.078] Adding entry into typings cache: 'he' => '/home/user/.cache/typescript/4.4/node_modules/@types/he/index.d.ts'
[14:00:50.079] Adding entry into typings cache: 'heap' => '/home/user/.cache/typescript/4.4/node_modules/@types/heap/index.d.ts'
[14:00:50.082] Adding entry into typings cache: 'hex-color-regex' => '/home/user/.cache/typescript/4.4/node_modules/@types/hex-color-regex/index.d.ts'
[14:00:50.083] Adding entry into typings cache: 'history' => '/home/user/.cache/typescript/4.4/node_modules/@types/history/index.d.ts'
[14:00:50.089] Adding entry into typings cache: 'hoist-non-react-statics' => '/home/user/.cache/typescript/4.4/node_modules/@types/hoist-non-react-statics/index.d.ts'
[14:00:50.090] Adding entry into typings cache: 'hosted-git-info' => '/home/user/.cache/typescript/4.4/node_modules/@types/hosted-git-info/index.d.ts'
[14:00:50.092] Adding entry into typings cache: 'html-encoding-sniffer' => '/home/user/.cache/typescript/4.4/node_modules/@types/html-encoding-sniffer/index.d.ts'
[14:00:50.096] Adding entry into typings cache: 'html-escaper' => '/home/user/.cache/typescript/4.4/node_modules/@types/html-escaper/index.d.ts'
[14:00:50.098] Adding entry into typings cache: 'html-minifier-terser' => '/home/user/.cache/typescript/4.4/node_modules/@types/html-minifier-terser/index.d.ts'
[14:00:50.101] Adding entry into typings cache: 'http-cache-semantics' => '/home/user/.cache/typescript/4.4/node_modules/@types/http-cache-semantics/index.d.ts'
[14:00:50.107] Adding entry into typings cache: 'http-errors' => '/home/user/.cache/typescript/4.4/node_modules/@types/http-errors/index.d.ts'
[14:00:50.109] Adding entry into typings cache: 'http-proxy' => '/home/user/.cache/typescript/4.4/node_modules/@types/http-proxy/index.d.ts'
[14:00:50.117] Adding entry into typings cache: 'icss-utils' => '/home/user/.cache/typescript/4.4/node_modules/@types/icss-utils/index.d.ts'
[14:00:50.118] Adding entry into typings cache: 'iferr' => '/home/user/.cache/typescript/4.4/node_modules/@types/iferr/index.d.ts'
[14:00:50.119] Adding entry into typings cache: 'immediate' => '/home/user/.cache/typescript/4.4/node_modules/@types/immediate/index.d.ts'
[14:00:50.119] Adding entry into typings cache: 'imurmurhash' => '/home/user/.cache/typescript/4.4/node_modules/@types/imurmurhash/index.d.ts'
[14:00:50.122] Adding entry into typings cache: 'inherits' => '/home/user/.cache/typescript/4.4/node_modules/@types/inherits/index.d.ts'
[14:00:50.124] Adding entry into typings cache: 'ini' => '/home/user/.cache/typescript/4.4/node_modules/@types/ini/index.d.ts'
[14:00:50.126] Adding entry into typings cache: 'internal-slot' => '/home/user/.cache/typescript/4.4/node_modules/@types/internal-slot/index.d.ts'
[14:00:50.127] Adding entry into typings cache: 'interpret' => '/home/user/.cache/typescript/4.4/node_modules/@types/interpret/index.d.ts'
[14:00:50.129] Adding entry into typings cache: 'invariant' => '/home/user/.cache/typescript/4.4/node_modules/@types/invariant/index.d.ts'
[14:00:50.136] Adding entry into typings cache: 'ip' => '/home/user/.cache/typescript/4.4/node_modules/@types/ip/index.d.ts'
[14:00:50.137] Adding entry into typings cache: 'is-arguments' => '/home/user/.cache/typescript/4.4/node_modules/@types/is-arguments/index.d.ts'
[14:00:50.138] Adding entry into typings cache: 'is-bigint' => '/home/user/.cache/typescript/4.4/node_modules/@types/is-bigint/index.d.ts'
[14:00:50.139] Adding entry into typings cache: 'is-boolean-object' => '/home/user/.cache/typescript/4.4/node_modules/@types/is-boolean-object/index.d.ts'
[14:00:50.142] Adding entry into typings cache: 'is-buffer' => '/home/user/.cache/typescript/4.4/node_modules/@types/is-buffer/index.d.ts'
[14:00:50.143] Adding entry into typings cache: 'is-callable' => '/home/user/.cache/typescript/4.4/node_modules/@types/is-callable/index.d.ts'
[14:00:50.144] Adding entry into typings cache: 'is-ci' => '/home/user/.cache/typescript/4.4/node_modules/@types/is-ci/index.d.ts'
[14:00:50.146] Adding entry into typings cache: 'is-core-module' => '/home/user/.cache/typescript/4.4/node_modules/@types/is-core-module/index.d.ts'
[14:00:50.147] Adding entry into typings cache: 'is-date-object' => '/home/user/.cache/typescript/4.4/node_modules/@types/is-date-object/index.d.ts'
[14:00:50.148] Adding entry into typings cache: 'is-function' => '/home/user/.cache/typescript/4.4/node_modules/@types/is-function/index.d.ts'
[14:00:50.149] Adding entry into typings cache: 'is-generator-function' => '/home/user/.cache/typescript/4.4/node_modules/@types/is-generator-function/index.d.ts'
[14:00:50.152] Adding entry into typings cache: 'is-glob' => '/home/user/.cache/typescript/4.4/node_modules/@types/is-glob/index.d.ts'
[14:00:50.155] Adding entry into typings cache: 'is-number' => '/home/user/.cache/typescript/4.4/node_modules/@types/is-number/index.d.ts'
[14:00:50.156] Adding entry into typings cache: 'is-object' => '/home/user/.cache/typescript/4.4/node_modules/@types/is-object/index.d.ts'
[14:00:50.157] Adding entry into typings cache: 'is-regex' => '/home/user/.cache/typescript/4.4/node_modules/@types/is-regex/index.d.ts'
[14:00:50.158] Adding entry into typings cache: 'is-string' => '/home/user/.cache/typescript/4.4/node_modules/@types/is-string/index.d.ts'
[14:00:50.159] Adding entry into typings cache: 'is-typedarray' => '/home/user/.cache/typescript/4.4/node_modules/@types/is-typedarray/index.d.ts'
[14:00:50.160] Adding entry into typings cache: 'is-utf8' => '/home/user/.cache/typescript/4.4/node_modules/@types/is-utf8/index.d.ts'
[14:00:50.162] Adding entry into typings cache: 'is-windows' => '/home/user/.cache/typescript/4.4/node_modules/@types/is-windows/index.d.ts'
[14:00:50.164] Adding entry into typings cache: 'isarray' => '/home/user/.cache/typescript/4.4/node_modules/@types/isarray/index.d.ts'
[14:00:50.164] Adding entry into typings cache: 'isexe' => '/home/user/.cache/typescript/4.4/node_modules/@types/isexe/index.d.ts'
[14:00:50.165] Adding entry into typings cache: 'isstream' => '/home/user/.cache/typescript/4.4/node_modules/@types/isstream/index.d.ts'
[14:00:50.166] Adding entry into typings cache: 'istanbul-lib-coverage' => '/home/user/.cache/typescript/4.4/node_modules/@types/istanbul-lib-coverage/index.d.ts'
[14:00:50.167] Adding entry into typings cache: 'istanbul-lib-instrument' => '/home/user/.cache/typescript/4.4/node_modules/@types/istanbul-lib-instrument/index.d.ts'
[14:00:50.168] Adding entry into typings cache: 'istanbul-lib-report' => '/home/user/.cache/typescript/4.4/node_modules/@types/istanbul-lib-report/index.d.ts'
[14:00:50.169] Adding entry into typings cache: 'istanbul-lib-source-maps' => '/home/user/.cache/typescript/4.4/node_modules/@types/istanbul-lib-source-maps/index.d.ts'
[14:00:50.170] Adding entry into typings cache: 'istanbul-reports' => '/home/user/.cache/typescript/4.4/node_modules/@types/istanbul-reports/index.d.ts'
[14:00:50.172] Adding entry into typings cache: 'js-yaml' => '/home/user/.cache/typescript/4.4/node_modules/@types/js-yaml/index.d.ts'
[14:00:50.174] Adding entry into typings cache: 'jsbn' => '/home/user/.cache/typescript/4.4/node_modules/@types/jsbn/index.d.ts'
[14:00:50.175] Adding entry into typings cache: 'jsdom' => '/home/user/.cache/typescript/4.4/node_modules/@types/jsdom/index.d.ts'
[14:00:50.176] Adding entry into typings cache: 'jsesc' => '/home/user/.cache/typescript/4.4/node_modules/@types/jsesc/index.d.ts'
[14:00:50.184] Adding entry into typings cache: 'json-buffer' => '/home/user/.cache/typescript/4.4/node_modules/@types/json-buffer/index.d.ts'
[14:00:50.187] Adding entry into typings cache: 'json-parse-better-errors' => '/home/user/.cache/typescript/4.4/node_modules/@types/json-parse-better-errors/index.d.ts'
[14:00:50.188] Adding entry into typings cache: 'json-rpc-random-id' => '/home/user/.cache/typescript/4.4/node_modules/@types/json-rpc-random-id/index.d.ts'
[14:00:50.189] Adding entry into typings cache: 'json-schema' => '/home/user/.cache/typescript/4.4/node_modules/@types/json-schema/index.d.ts'
[14:00:50.190] Adding entry into typings cache: 'json-stable-stringify' => '/home/user/.cache/typescript/4.4/node_modules/@types/json-stable-stringify/index.d.ts'
[14:00:50.190] Adding entry into typings cache: 'json-stringify-safe' => '/home/user/.cache/typescript/4.4/node_modules/@types/json-stringify-safe/index.d.ts'
[14:00:50.191] Adding entry into typings cache: 'json3' => '/home/user/.cache/typescript/4.4/node_modules/@types/json3/index.d.ts'
[14:00:50.192] Adding entry into typings cache: 'jsonfile' => '/home/user/.cache/typescript/4.4/node_modules/@types/jsonfile/index.d.ts'
[14:00:50.193] Adding entry into typings cache: 'k-bucket' => '/home/user/.cache/typescript/4.4/node_modules/@types/k-bucket/index.d.ts'
[14:00:50.194] Adding entry into typings cache: 'keccak' => '/home/user/.cache/typescript/4.4/node_modules/@types/keccak/index.d.ts'
[14:00:50.195] Adding entry into typings cache: 'keyv' => '/home/user/.cache/typescript/4.4/node_modules/@types/keyv/index.d.ts'
[14:00:50.196] Adding entry into typings cache: 'kind-of' => '/home/user/.cache/typescript/4.4/node_modules/@types/kind-of/index.d.ts'
[14:00:50.197] Adding entry into typings cache: 'klaw' => '/home/user/.cache/typescript/4.4/node_modules/@types/klaw/index.d.ts'
[14:00:50.198] Adding entry into typings cache: 'language-tags' => '/home/user/.cache/typescript/4.4/node_modules/@types/language-tags/index.d.ts'
[14:00:50.199] Adding entry into typings cache: 'level' => '/home/user/.cache/typescript/4.4/node_modules/@types/level/index.d.ts'
[14:00:50.201] Adding entry into typings cache: 'level-codec' => '/home/user/.cache/typescript/4.4/node_modules/@types/level-codec/index.d.ts'
[14:00:50.202] Adding entry into typings cache: 'level-errors' => '/home/user/.cache/typescript/4.4/node_modules/@types/level-errors/index.d.ts'
[14:00:50.203] Adding entry into typings cache: 'level-js' => '/home/user/.cache/typescript/4.4/node_modules/@types/level-js/index.d.ts'
[14:00:50.204] Adding entry into typings cache: 'leveldown' => '/home/user/.cache/typescript/4.4/node_modules/@types/leveldown/index.d.ts'
[14:00:50.205] Adding entry into typings cache: 'levelup' => '/home/user/.cache/typescript/4.4/node_modules/@types/levelup/index.d.ts'
[14:00:50.210] Adding entry into typings cache: 'loader-runner' => '/home/user/.cache/typescript/4.4/node_modules/@types/loader-runner/index.d.ts'
[14:00:50.216] Adding entry into typings cache: 'loader-utils' => '/home/user/.cache/typescript/4.4/node_modules/@types/loader-utils/index.d.ts'
[14:00:50.217] Adding entry into typings cache: 'lodash' => '/home/user/.cache/typescript/4.4/node_modules/@types/lodash/index.d.ts'
[14:00:50.221] Adding entry into typings cache: 'lodash.assign' => '/home/user/.cache/typescript/4.4/node_modules/@types/lodash.assign/index.d.ts'
[14:00:50.222] Adding entry into typings cache: 'lodash.camelcase' => '/home/user/.cache/typescript/4.4/node_modules/@types/lodash.camelcase/index.d.ts'
[14:00:50.224] Adding entry into typings cache: 'lodash.clonedeep' => '/home/user/.cache/typescript/4.4/node_modules/@types/lodash.clonedeep/index.d.ts'
[14:00:50.228] Adding entry into typings cache: 'lodash.debounce' => '/home/user/.cache/typescript/4.4/node_modules/@types/lodash.debounce/index.d.ts'
[14:00:50.230] Adding entry into typings cache: 'lodash.escaperegexp' => '/home/user/.cache/typescript/4.4/node_modules/@types/lodash.escaperegexp/index.d.ts'
[14:00:50.231] Adding entry into typings cache: 'lodash.find' => '/home/user/.cache/typescript/4.4/node_modules/@types/lodash.find/index.d.ts'
[14:00:50.232] Adding entry into typings cache: 'lodash.flatmap' => '/home/user/.cache/typescript/4.4/node_modules/@types/lodash.flatmap/index.d.ts'
[14:00:50.233] Adding entry into typings cache: 'lodash.flatten' => '/home/user/.cache/typescript/4.4/node_modules/@types/lodash.flatten/index.d.ts'
[14:00:50.234] Adding entry into typings cache: 'lodash.get' => '/home/user/.cache/typescript/4.4/node_modules/@types/lodash.get/index.d.ts'
[14:00:50.235] Adding entry into typings cache: 'lodash.max' => '/home/user/.cache/typescript/4.4/node_modules/@types/lodash.max/index.d.ts'
[14:00:50.236] Adding entry into typings cache: 'lodash.memoize' => '/home/user/.cache/typescript/4.4/node_modules/@types/lodash.memoize/index.d.ts'
[14:00:50.237] Adding entry into typings cache: 'lodash.merge' => '/home/user/.cache/typescript/4.4/node_modules/@types/lodash.merge/index.d.ts'
[14:00:50.238] Adding entry into typings cache: 'lodash.padstart' => '/home/user/.cache/typescript/4.4/node_modules/@types/lodash.padstart/index.d.ts'
[14:00:50.239] Adding entry into typings cache: 'lodash.partition' => '/home/user/.cache/typescript/4.4/node_modules/@types/lodash.partition/index.d.ts'
[14:00:50.240] Adding entry into typings cache: 'lodash.repeat' => '/home/user/.cache/typescript/4.4/node_modules/@types/lodash.repeat/index.d.ts'
[14:00:50.241] Adding entry into typings cache: 'lodash.sum' => '/home/user/.cache/typescript/4.4/node_modules/@types/lodash.sum/index.d.ts'
[14:00:50.242] Adding entry into typings cache: 'lodash.template' => '/home/user/.cache/typescript/4.4/node_modules/@types/lodash.template/index.d.ts'
[14:00:50.243] Adding entry into typings cache: 'lodash.throttle' => '/home/user/.cache/typescript/4.4/node_modules/@types/lodash.throttle/index.d.ts'
[14:00:50.245] Adding entry into typings cache: 'lodash.truncate' => '/home/user/.cache/typescript/4.4/node_modules/@types/lodash.truncate/index.d.ts'
[14:00:50.247] Adding entry into typings cache: 'lodash.uniq' => '/home/user/.cache/typescript/4.4/node_modules/@types/lodash.uniq/index.d.ts'
[14:00:50.248] Adding entry into typings cache: 'long' => '/home/user/.cache/typescript/4.4/node_modules/@types/long/index.d.ts'
[14:00:50.249] Adding entry into typings cache: 'lru-cache' => '/home/user/.cache/typescript/4.4/node_modules/@types/lru-cache/index.d.ts'
[14:00:50.250] Adding entry into typings cache: 'media-typer' => '/home/user/.cache/typescript/4.4/node_modules/@types/media-typer/index.d.ts'
[14:00:50.251] Adding entry into typings cache: 'memory-fs' => '/home/user/.cache/typescript/4.4/node_modules/@types/memory-fs/index.d.ts'
[14:00:50.252] Adding entry into typings cache: 'memorystream' => '/home/user/.cache/typescript/4.4/node_modules/@types/memorystream/index.d.ts'
[14:00:50.253] Adding entry into typings cache: 'merge-descriptors' => '/home/user/.cache/typescript/4.4/node_modules/@types/merge-descriptors/index.d.ts'
[14:00:50.254] Adding entry into typings cache: 'merge-stream' => '/home/user/.cache/typescript/4.4/node_modules/@types/merge-stream/index.d.ts'
[14:00:50.255] Adding entry into typings cache: 'merge2' => '/home/user/.cache/typescript/4.4/node_modules/@types/merge2/index.d.ts'
[14:00:50.257] Adding entry into typings cache: 'methods' => '/home/user/.cache/typescript/4.4/node_modules/@types/methods/index.d.ts'
[14:00:50.259] Adding entry into typings cache: 'micromatch' => '/home/user/.cache/typescript/4.4/node_modules/@types/micromatch/index.d.ts'
[14:00:50.259] Adding entry into typings cache: 'mime' => '/home/user/.cache/typescript/4.4/node_modules/@types/mime/index.d.ts'
[14:00:50.261] Adding entry into typings cache: 'mime-db' => '/home/user/.cache/typescript/4.4/node_modules/@types/mime-db/index.d.ts'
[14:00:50.263] Adding entry into typings cache: 'mime-types' => '/home/user/.cache/typescript/4.4/node_modules/@types/mime-types/index.d.ts'
[14:00:50.264] Adding entry into typings cache: 'min-document' => '/home/user/.cache/typescript/4.4/node_modules/@types/min-document/index.d.ts'
[14:00:50.265] Adding entry into typings cache: 'min-indent' => '/home/user/.cache/typescript/4.4/node_modules/@types/min-indent/index.d.ts'
[14:00:50.266] Adding entry into typings cache: 'mini-css-extract-plugin' => '/home/user/.cache/typescript/4.4/node_modules/@types/mini-css-extract-plugin/index.d.ts'
[14:00:50.267] Adding entry into typings cache: 'minimalistic-assert' => '/home/user/.cache/typescript/4.4/node_modules/@types/minimalistic-assert/index.d.ts'
[14:00:50.268] Adding entry into typings cache: 'minimatch' => '/home/user/.cache/typescript/4.4/node_modules/@types/minimatch/index.d.ts'
[14:00:50.270] Adding entry into typings cache: 'minimist' => '/home/user/.cache/typescript/4.4/node_modules/@types/minimist/index.d.ts'
[14:00:50.271] Adding entry into typings cache: 'minipass' => '/home/user/.cache/typescript/4.4/node_modules/@types/minipass/index.d.ts'
[14:00:50.272] Adding entry into typings cache: 'minizlib' => '/home/user/.cache/typescript/4.4/node_modules/@types/minizlib/index.d.ts'
[14:00:50.273] Adding entry into typings cache: 'mkdirp' => '/home/user/.cache/typescript/4.4/node_modules/@types/mkdirp/index.d.ts'
[14:00:50.274] Adding entry into typings cache: 'mocha' => '/home/user/.cache/typescript/4.4/node_modules/@types/mocha/index.d.ts'
[14:00:50.276] Adding entry into typings cache: 'mock-fs' => '/home/user/.cache/typescript/4.4/node_modules/@types/mock-fs/index.d.ts'
[14:00:50.277] Adding entry into typings cache: 'move-concurrently' => '/home/user/.cache/typescript/4.4/node_modules/@types/move-concurrently/index.d.ts'
[14:00:50.280] Adding entry into typings cache: 'ms' => '/home/user/.cache/typescript/4.4/node_modules/@types/ms/index.d.ts'
[14:00:50.281] Adding entry into typings cache: 'multicast-dns' => '/home/user/.cache/typescript/4.4/node_modules/@types/multicast-dns/index.d.ts'
[14:00:50.282] Adding entry into typings cache: 'murmurhash3js-revisited' => '/home/user/.cache/typescript/4.4/node_modules/@types/murmurhash3js-revisited/index.d.ts'
[14:00:50.283] Adding entry into typings cache: 'natural-compare' => '/home/user/.cache/typescript/4.4/node_modules/@types/natural-compare/index.d.ts'
[14:00:50.284] Adding entry into typings cache: 'negotiator' => '/home/user/.cache/typescript/4.4/node_modules/@types/negotiator/index.d.ts'
[14:00:50.286] Adding entry into typings cache: 'netmask' => '/home/user/.cache/typescript/4.4/node_modules/@types/netmask/index.d.ts'
[14:00:50.287] Adding entry into typings cache: 'next-tick' => '/home/user/.cache/typescript/4.4/node_modules/@types/next-tick/index.d.ts'
[14:00:50.288] Adding entry into typings cache: 'nice-try' => '/home/user/.cache/typescript/4.4/node_modules/@types/nice-try/index.d.ts'
[14:00:50.289] Adding entry into typings cache: 'nise' => '/home/user/.cache/typescript/4.4/node_modules/@types/nise/index.d.ts'
[14:00:50.290] Adding entry into typings cache: 'node-forge' => '/home/user/.cache/typescript/4.4/node_modules/@types/node-forge/index.d.ts'
[14:00:50.291] Adding entry into typings cache: 'node-int64' => '/home/user/.cache/typescript/4.4/node_modules/@types/node-int64/index.d.ts'
[14:00:50.292] Adding entry into typings cache: 'node-notifier' => '/home/user/.cache/typescript/4.4/node_modules/@types/node-notifier/index.d.ts'
[14:00:50.294] Adding entry into typings cache: 'normalize-package-data' => '/home/user/.cache/typescript/4.4/node_modules/@types/normalize-package-data/index.d.ts'
[14:00:50.295] Adding entry into typings cache: 'normalize-path' => '/home/user/.cache/typescript/4.4/node_modules/@types/normalize-path/index.d.ts'
[14:00:50.296] Adding entry into typings cache: 'num2fraction' => '/home/user/.cache/typescript/4.4/node_modules/@types/num2fraction/index.d.ts'
[14:00:50.298] Adding entry into typings cache: 'number-is-nan' => '/home/user/.cache/typescript/4.4/node_modules/@types/number-is-nan/index.d.ts'
[14:00:50.299] Adding entry into typings cache: 'nwsapi' => '/home/user/.cache/typescript/4.4/node_modules/@types/nwsapi/index.d.ts'
[14:00:50.300] Adding entry into typings cache: 'object-assign' => '/home/user/.cache/typescript/4.4/node_modules/@types/object-assign/index.d.ts'
[14:00:50.301] Adding entry into typings cache: 'object-inspect' => '/home/user/.cache/typescript/4.4/node_modules/@types/object-inspect/index.d.ts'
[14:00:50.302] Adding entry into typings cache: 'object-keys' => '/home/user/.cache/typescript/4.4/node_modules/@types/object-keys/index.d.ts'
[14:00:50.304] Adding entry into typings cache: 'object.fromentries' => '/home/user/.cache/typescript/4.4/node_modules/@types/object.fromentries/index.d.ts'
[14:00:50.305] Adding entry into typings cache: 'object.getownpropertydescriptors' => '/home/user/.cache/typescript/4.4/node_modules/@types/object.getownpropertydescriptors/index.d.ts'
[14:00:50.309] Adding entry into typings cache: 'object.pick' => '/home/user/.cache/typescript/4.4/node_modules/@types/object.pick/index.d.ts'
[14:00:50.310] Adding entry into typings cache: 'oboe' => '/home/user/.cache/typescript/4.4/node_modules/@types/oboe/index.d.ts'
[14:00:50.312] Adding entry into typings cache: 'on-finished' => '/home/user/.cache/typescript/4.4/node_modules/@types/on-finished/index.d.ts'
[14:00:50.315] Adding entry into typings cache: 'on-headers' => '/home/user/.cache/typescript/4.4/node_modules/@types/on-headers/index.d.ts'
[14:00:50.316] Adding entry into typings cache: 'once' => '/home/user/.cache/typescript/4.4/node_modules/@types/once/index.d.ts'
[14:00:50.318] Adding entry into typings cache: 'original' => '/home/user/.cache/typescript/4.4/node_modules/@types/original/index.d.ts'
[14:00:50.321] Adding entry into typings cache: 'os-tmpdir' => '/home/user/.cache/typescript/4.4/node_modules/@types/os-tmpdir/index.d.ts'
[14:00:50.322] Adding entry into typings cache: 'p-fifo' => '/home/user/.cache/typescript/4.4/node_modules/@types/p-fifo/index.d.ts'
[14:00:50.323] Adding entry into typings cache: 'pako' => '/home/user/.cache/typescript/4.4/node_modules/@types/pako/index.d.ts'
[14:00:50.323] Adding entry into typings cache: 'parallel-transform' => '/home/user/.cache/typescript/4.4/node_modules/@types/parallel-transform/index.d.ts'
[14:00:50.324] Adding entry into typings cache: 'parse-json' => '/home/user/.cache/typescript/4.4/node_modules/@types/parse-json/index.d.ts'
[14:00:50.325] Adding entry into typings cache: 'parse-passwd' => '/home/user/.cache/typescript/4.4/node_modules/@types/parse-passwd/index.d.ts'
[14:00:50.328] Adding entry into typings cache: 'parse5' => '/home/user/.cache/typescript/4.4/node_modules/@types/parse5/index.d.ts'
[14:00:50.329] Adding entry into typings cache: 'parse5-htmlparser2-tree-adapter' => '/home/user/.cache/typescript/4.4/node_modules/@types/parse5-htmlparser2-tree-adapter/index.d.ts'
[14:00:50.330] Adding entry into typings cache: 'parseurl' => '/home/user/.cache/typescript/4.4/node_modules/@types/parseurl/index.d.ts'
[14:00:50.333] Adding entry into typings cache: 'pascalcase' => '/home/user/.cache/typescript/4.4/node_modules/@types/pascalcase/index.d.ts'
[14:00:50.334] Adding entry into typings cache: 'path-browserify' => '/home/user/.cache/typescript/4.4/node_modules/@types/path-browserify/index.d.ts'
[14:00:50.336] Adding entry into typings cache: 'path-is-absolute' => '/home/user/.cache/typescript/4.4/node_modules/@types/path-is-absolute/index.d.ts'
[14:00:50.337] Adding entry into typings cache: 'path-is-inside' => '/home/user/.cache/typescript/4.4/node_modules/@types/path-is-inside/index.d.ts'
[14:00:50.338] Adding entry into typings cache: 'path-parse' => '/home/user/.cache/typescript/4.4/node_modules/@types/path-parse/index.d.ts'
[14:00:50.339] Adding entry into typings cache: 'pathval' => '/home/user/.cache/typescript/4.4/node_modules/@types/pathval/index.d.ts'
[14:00:50.340] Adding entry into typings cache: 'pbkdf2' => '/home/user/.cache/typescript/4.4/node_modules/@types/pbkdf2/index.d.ts'
[14:00:50.341] Adding entry into typings cache: 'pem-jwk' => '/home/user/.cache/typescript/4.4/node_modules/@types/pem-jwk/index.d.ts'
[14:00:50.345] Adding entry into typings cache: 'picomatch' => '/home/user/.cache/typescript/4.4/node_modules/@types/picomatch/index.d.ts'
[14:00:50.347] Adding entry into typings cache: 'pify' => '/home/user/.cache/typescript/4.4/node_modules/@types/pify/index.d.ts'
[14:00:50.350] Adding entry into typings cache: 'pngjs' => '/home/user/.cache/typescript/4.4/node_modules/@types/pngjs/index.d.ts'
[14:00:50.352] Adding entry into typings cache: 'postcss-calc' => '/home/user/.cache/typescript/4.4/node_modules/@types/postcss-calc/index.d.ts'
[14:00:50.353] Adding entry into typings cache: 'postcss-flexbugs-fixes' => '/home/user/.cache/typescript/4.4/node_modules/@types/postcss-flexbugs-fixes/index.d.ts'
[14:00:50.354] Adding entry into typings cache: 'postcss-gap-properties' => '/home/user/.cache/typescript/4.4/node_modules/@types/postcss-gap-properties/index.d.ts'
[14:00:50.356] Adding entry into typings cache: 'postcss-modules-extract-imports' => '/home/user/.cache/typescript/4.4/node_modules/@types/postcss-modules-extract-imports/index.d.ts'
[14:00:50.358] Adding entry into typings cache: 'postcss-modules-local-by-default' => '/home/user/.cache/typescript/4.4/node_modules/@types/postcss-modules-local-by-default/index.d.ts'
[14:00:50.360] Adding entry into typings cache: 'postcss-modules-scope' => '/home/user/.cache/typescript/4.4/node_modules/@types/postcss-modules-scope/index.d.ts'
[14:00:50.361] Adding entry into typings cache: 'postcss-modules-values' => '/home/user/.cache/typescript/4.4/node_modules/@types/postcss-modules-values/index.d.ts'
[14:00:50.363] Adding entry into typings cache: 'postcss-normalize' => '/home/user/.cache/typescript/4.4/node_modules/@types/postcss-normalize/index.d.ts'
[14:00:50.365] Adding entry into typings cache: 'postcss-preset-env' => '/home/user/.cache/typescript/4.4/node_modules/@types/postcss-preset-env/index.d.ts'
[14:00:50.366] Adding entry into typings cache: 'postcss-safe-parser' => '/home/user/.cache/typescript/4.4/node_modules/@types/postcss-safe-parser/index.d.ts'
[14:00:50.367] Adding entry into typings cache: 'precond' => '/home/user/.cache/typescript/4.4/node_modules/@types/precond/index.d.ts'
[14:00:50.368] Adding entry into typings cache: 'prelude-ls' => '/home/user/.cache/typescript/4.4/node_modules/@types/prelude-ls/index.d.ts'
[14:00:50.373] Adding entry into typings cache: 'prettier' => '/home/user/.cache/typescript/4.4/node_modules/@types/prettier/index.d.ts'
[14:00:50.376] Adding entry into typings cache: 'prismjs' => '/home/user/.cache/typescript/4.4/node_modules/@types/prismjs/index.d.ts'
[14:00:50.377] Adding entry into typings cache: 'private-ip' => '/home/user/.cache/typescript/4.4/node_modules/@types/private-ip/index.d.ts'
[14:00:50.379] Adding entry into typings cache: 'progress' => '/home/user/.cache/typescript/4.4/node_modules/@types/progress/index.d.ts'
[14:00:50.380] Adding entry into typings cache: 'promise-inflight' => '/home/user/.cache/typescript/4.4/node_modules/@types/promise-inflight/index.d.ts'
[14:00:50.385] Adding entry into typings cache: 'promise-polyfill' => '/home/user/.cache/typescript/4.4/node_modules/@types/promise-polyfill/index.d.ts'
[14:00:50.386] Adding entry into typings cache: 'promise-timeout' => '/home/user/.cache/typescript/4.4/node_modules/@types/promise-timeout/index.d.ts'
[14:00:50.390] Adding entry into typings cache: 'prompts' => '/home/user/.cache/typescript/4.4/node_modules/@types/prompts/index.d.ts'
[14:00:50.391] Adding entry into typings cache: 'prop-types' => '/home/user/.cache/typescript/4.4/node_modules/@types/prop-types/index.d.ts'
[14:00:50.393] Adding entry into typings cache: 'proper-lockfile' => '/home/user/.cache/typescript/4.4/node_modules/@types/proper-lockfile/index.d.ts'
[14:00:50.394] Adding entry into typings cache: 'protocol-buffers-schema' => '/home/user/.cache/typescript/4.4/node_modules/@types/protocol-buffers-schema/index.d.ts'
[14:00:50.395] Adding entry into typings cache: 'proxy-addr' => '/home/user/.cache/typescript/4.4/node_modules/@types/proxy-addr/index.d.ts'
[14:00:50.396] Adding entry into typings cache: 'psl' => '/home/user/.cache/typescript/4.4/node_modules/@types/psl/index.d.ts'
[14:00:50.398] Adding entry into typings cache: 'pump' => '/home/user/.cache/typescript/4.4/node_modules/@types/pump/index.d.ts'
[14:00:50.399] Adding entry into typings cache: 'pumpify' => '/home/user/.cache/typescript/4.4/node_modules/@types/pumpify/index.d.ts'
[14:00:50.402] Adding entry into typings cache: 'punycode' => '/home/user/.cache/typescript/4.4/node_modules/@types/punycode/index.d.ts'
[14:00:50.403] Adding entry into typings cache: 'q' => '/home/user/.cache/typescript/4.4/node_modules/@types/q/index.d.ts'
[14:00:50.405] Adding entry into typings cache: 'qrcode' => '/home/user/.cache/typescript/4.4/node_modules/@types/qrcode/index.d.ts'
[14:00:50.406] Adding entry into typings cache: 'qrcode.react' => '/home/user/.cache/typescript/4.4/node_modules/@types/qrcode.react/index.d.ts'
[14:00:50.409] Adding entry into typings cache: 'qs' => '/home/user/.cache/typescript/4.4/node_modules/@types/qs/index.d.ts'
[14:00:50.410] Adding entry into typings cache: 'querystringify' => '/home/user/.cache/typescript/4.4/node_modules/@types/querystringify/index.d.ts'
[14:00:50.411] Adding entry into typings cache: 'raf' => '/home/user/.cache/typescript/4.4/node_modules/@types/raf/index.d.ts'
[14:00:50.413] Adding entry into typings cache: 'ramda' => '/home/user/.cache/typescript/4.4/node_modules/@types/ramda/index.d.ts'
[14:00:50.415] Adding entry into typings cache: 'randombytes' => '/home/user/.cache/typescript/4.4/node_modules/@types/randombytes/index.d.ts'
[14:00:50.416] Adding entry into typings cache: 'range-parser' => '/home/user/.cache/typescript/4.4/node_modules/@types/range-parser/index.d.ts'
[14:00:50.417] Adding entry into typings cache: 'react' => '/home/user/.cache/typescript/4.4/node_modules/@types/react/index.d.ts'
[14:00:50.418] Adding entry into typings cache: 'react-dev-utils' => '/home/user/.cache/typescript/4.4/node_modules/@types/react-dev-utils/index.d.ts'
[14:00:50.419] Adding entry into typings cache: 'react-dom' => '/home/user/.cache/typescript/4.4/node_modules/@types/react-dom/index.d.ts'
[14:00:50.420] Adding entry into typings cache: 'react-input-autosize' => '/home/user/.cache/typescript/4.4/node_modules/@types/react-input-autosize/index.d.ts'
[14:00:50.422] Adding entry into typings cache: 'react-is' => '/home/user/.cache/typescript/4.4/node_modules/@types/react-is/index.d.ts'
[14:00:50.423] Adding entry into typings cache: 'react-lifecycles-compat' => '/home/user/.cache/typescript/4.4/node_modules/@types/react-lifecycles-compat/index.d.ts'
[14:00:50.424] Adding entry into typings cache: 'react-router' => '/home/user/.cache/typescript/4.4/node_modules/@types/react-router/index.d.ts'
[14:00:50.425] Adding entry into typings cache: 'react-router-dom' => '/home/user/.cache/typescript/4.4/node_modules/@types/react-router-dom/index.d.ts'
[14:00:50.426] Adding entry into typings cache: 'react-transition-group' => '/home/user/.cache/typescript/4.4/node_modules/@types/react-transition-group/index.d.ts'
[14:00:50.428] Adding entry into typings cache: 'readable-stream' => '/home/user/.cache/typescript/4.4/node_modules/@types/readable-stream/index.d.ts'
[14:00:50.429] Adding entry into typings cache: 'recursive-readdir' => '/home/user/.cache/typescript/4.4/node_modules/@types/recursive-readdir/index.d.ts'
[14:00:50.430] Adding entry into typings cache: 'regenerate' => '/home/user/.cache/typescript/4.4/node_modules/@types/regenerate/index.d.ts'
[14:00:50.431] Adding entry into typings cache: 'regenerator-runtime' => '/home/user/.cache/typescript/4.4/node_modules/@types/regenerator-runtime/index.d.ts'
[14:00:50.433] Adding entry into typings cache: 'relateurl' => '/home/user/.cache/typescript/4.4/node_modules/@types/relateurl/index.d.ts'
[14:00:50.436] Adding entry into typings cache: 'repeat-element' => '/home/user/.cache/typescript/4.4/node_modules/@types/repeat-element/index.d.ts'
[14:00:50.437] Adding entry into typings cache: 'repeat-string' => '/home/user/.cache/typescript/4.4/node_modules/@types/repeat-string/index.d.ts'
[14:00:50.438] Adding entry into typings cache: 'replace-ext' => '/home/user/.cache/typescript/4.4/node_modules/@types/replace-ext/index.d.ts'
[14:00:50.439] Adding entry into typings cache: 'request' => '/home/user/.cache/typescript/4.4/node_modules/@types/request/index.d.ts'
[14:00:50.440] Adding entry into typings cache: 'require-directory' => '/home/user/.cache/typescript/4.4/node_modules/@types/require-directory/index.d.ts'
[14:00:50.442] Adding entry into typings cache: 'require-from-string' => '/home/user/.cache/typescript/4.4/node_modules/@types/require-from-string/index.d.ts'
[14:00:50.443] Adding entry into typings cache: 'requires-port' => '/home/user/.cache/typescript/4.4/node_modules/@types/requires-port/index.d.ts'
[14:00:50.444] Adding entry into typings cache: 'resolve' => '/home/user/.cache/typescript/4.4/node_modules/@types/resolve/index.d.ts'
[14:00:50.445] Adding entry into typings cache: 'responselike' => '/home/user/.cache/typescript/4.4/node_modules/@types/responselike/index.d.ts'
[14:00:50.445] Adding entry into typings cache: 'retry' => '/home/user/.cache/typescript/4.4/node_modules/@types/retry/index.d.ts'
[14:00:50.446] Adding entry into typings cache: 'right-align' => '/home/user/.cache/typescript/4.4/node_modules/@types/right-align/index.d.ts'
[14:00:50.451] Adding entry into typings cache: 'rimraf' => '/home/user/.cache/typescript/4.4/node_modules/@types/rimraf/index.d.ts'
[14:00:50.452] Adding entry into typings cache: 'ripemd160' => '/home/user/.cache/typescript/4.4/node_modules/@types/ripemd160/index.d.ts'
[14:00:50.453] Adding entry into typings cache: 'rsvp' => '/home/user/.cache/typescript/4.4/node_modules/@types/rsvp/index.d.ts'
[14:00:50.453] Adding entry into typings cache: 'run-parallel' => '/home/user/.cache/typescript/4.4/node_modules/@types/run-parallel/index.d.ts'
[14:00:50.455] Adding entry into typings cache: 'safe-regex' => '/home/user/.cache/typescript/4.4/node_modules/@types/safe-regex/index.d.ts'
[14:00:50.456] Adding entry into typings cache: 'safer-buffer' => '/home/user/.cache/typescript/4.4/node_modules/@types/safer-buffer/index.d.ts'
[14:00:50.457] Adding entry into typings cache: 'sane' => '/home/user/.cache/typescript/4.4/node_modules/@types/sane/index.d.ts'
[14:00:50.459] Adding entry into typings cache: 'sass' => '/home/user/.cache/typescript/4.4/node_modules/@types/sass/index.d.ts'
[14:00:50.460] Adding entry into typings cache: 'sax' => '/home/user/.cache/typescript/4.4/node_modules/@types/sax/index.d.ts'
[14:00:50.461] Adding entry into typings cache: 'scheduler' => '/home/user/.cache/typescript/4.4/node_modules/@types/scheduler/index.d.ts'
[14:00:50.462] Adding entry into typings cache: 'scss-parser' => '/home/user/.cache/typescript/4.4/node_modules/@types/scss-parser/index.d.ts'
[14:00:50.464] Adding entry into typings cache: 'secp256k1' => '/home/user/.cache/typescript/4.4/node_modules/@types/secp256k1/index.d.ts'
[14:00:50.467] Adding entry into typings cache: 'semaphore' => '/home/user/.cache/typescript/4.4/node_modules/@types/semaphore/index.d.ts'
[14:00:50.469] Adding entry into typings cache: 'semver' => '/home/user/.cache/typescript/4.4/node_modules/@types/semver/index.d.ts'
[14:00:50.470] Adding entry into typings cache: 'semver-compare' => '/home/user/.cache/typescript/4.4/node_modules/@types/semver-compare/index.d.ts'
[14:00:50.472] Adding entry into typings cache: 'send' => '/home/user/.cache/typescript/4.4/node_modules/@types/send/index.d.ts'
[14:00:50.476] Adding entry into typings cache: 'serialize-javascript' => '/home/user/.cache/typescript/4.4/node_modules/@types/serialize-javascript/index.d.ts'
[14:00:50.477] Adding entry into typings cache: 'serve-index' => '/home/user/.cache/typescript/4.4/node_modules/@types/serve-index/index.d.ts'
[14:00:50.477] Adding entry into typings cache: 'serve-static' => '/home/user/.cache/typescript/4.4/node_modules/@types/serve-static/index.d.ts'
[14:00:50.479] Adding entry into typings cache: 'set-value' => '/home/user/.cache/typescript/4.4/node_modules/@types/set-value/index.d.ts'
[14:00:50.480] Adding entry into typings cache: 'setimmediate' => '/home/user/.cache/typescript/4.4/node_modules/@types/setimmediate/index.d.ts'
[14:00:50.481] Adding entry into typings cache: 'sha.js' => '/home/user/.cache/typescript/4.4/node_modules/@types/sha.js/index.d.ts'
[14:00:50.482] Adding entry into typings cache: 'shallowequal' => '/home/user/.cache/typescript/4.4/node_modules/@types/shallowequal/index.d.ts'
[14:00:50.483] Adding entry into typings cache: 'shebang-command' => '/home/user/.cache/typescript/4.4/node_modules/@types/shebang-command/index.d.ts'
[14:00:50.485] Adding entry into typings cache: 'shell-quote' => '/home/user/.cache/typescript/4.4/node_modules/@types/shell-quote/index.d.ts'
[14:00:50.488] Adding entry into typings cache: 'signal-exit' => '/home/user/.cache/typescript/4.4/node_modules/@types/signal-exit/index.d.ts'
[14:00:50.489] Adding entry into typings cache: 'sinon' => '/home/user/.cache/typescript/4.4/node_modules/@types/sinon/index.d.ts'
[14:00:50.491] Adding entry into typings cache: 'slice-ansi' => '/home/user/.cache/typescript/4.4/node_modules/@types/slice-ansi/index.d.ts'
[14:00:50.492] Adding entry into typings cache: 'sockjs' => '/home/user/.cache/typescript/4.4/node_modules/@types/sockjs/index.d.ts'
[14:00:50.493] Adding entry into typings cache: 'sockjs-client' => '/home/user/.cache/typescript/4.4/node_modules/@types/sockjs-client/index.d.ts'
[14:00:50.494] Adding entry into typings cache: 'source-list-map' => '/home/user/.cache/typescript/4.4/node_modules/@types/source-list-map/index.d.ts'
[14:00:50.496] Adding entry into typings cache: 'source-map-support' => '/home/user/.cache/typescript/4.4/node_modules/@types/source-map-support/index.d.ts'
[14:00:50.497] Adding entry into typings cache: 'spdx-correct' => '/home/user/.cache/typescript/4.4/node_modules/@types/spdx-correct/index.d.ts'
[14:00:50.497] Adding entry into typings cache: 'spdx-expression-parse' => '/home/user/.cache/typescript/4.4/node_modules/@types/spdx-expression-parse/index.d.ts'
[14:00:50.498] Adding entry into typings cache: 'spdy' => '/home/user/.cache/typescript/4.4/node_modules/@types/spdy/index.d.ts'
[14:00:50.499] Adding entry into typings cache: 'sprintf-js' => '/home/user/.cache/typescript/4.4/node_modules/@types/sprintf-js/index.d.ts'
[14:00:50.499] Adding entry into typings cache: 'sshpk' => '/home/user/.cache/typescript/4.4/node_modules/@types/sshpk/index.d.ts'
[14:00:50.500] Adding entry into typings cache: 'ssri' => '/home/user/.cache/typescript/4.4/node_modules/@types/ssri/index.d.ts'
[14:00:50.501] Adding entry into typings cache: 'stack-utils' => '/home/user/.cache/typescript/4.4/node_modules/@types/stack-utils/index.d.ts'
[14:00:50.501] Adding entry into typings cache: 'statuses' => '/home/user/.cache/typescript/4.4/node_modules/@types/statuses/index.d.ts'
[14:00:50.504] Adding entry into typings cache: 'stream-each' => '/home/user/.cache/typescript/4.4/node_modules/@types/stream-each/index.d.ts'
[14:00:50.505] Adding entry into typings cache: 'stream-shift' => '/home/user/.cache/typescript/4.4/node_modules/@types/stream-shift/index.d.ts'
[14:00:50.506] Adding entry into typings cache: 'strict-uri-encode' => '/home/user/.cache/typescript/4.4/node_modules/@types/strict-uri-encode/index.d.ts'
[14:00:50.507] Adding entry into typings cache: 'string-hash' => '/home/user/.cache/typescript/4.4/node_modules/@types/string-hash/index.d.ts'
[14:00:50.509] Adding entry into typings cache: 'string-natural-compare' => '/home/user/.cache/typescript/4.4/node_modules/@types/string-natural-compare/index.d.ts'
[14:00:50.510] Adding entry into typings cache: 'string.prototype.matchall' => '/home/user/.cache/typescript/4.4/node_modules/@types/string.prototype.matchall/index.d.ts'
[14:00:50.511] Adding entry into typings cache: 'stringify-object' => '/home/user/.cache/typescript/4.4/node_modules/@types/stringify-object/index.d.ts'
[14:00:50.512] Adding entry into typings cache: 'strip-comments' => '/home/user/.cache/typescript/4.4/node_modules/@types/strip-comments/index.d.ts'
[14:00:50.513] Adding entry into typings cache: 'strip-final-newline' => '/home/user/.cache/typescript/4.4/node_modules/@types/strip-final-newline/index.d.ts'
[14:00:50.515] Adding entry into typings cache: 'styled-components' => '/home/user/.cache/typescript/4.4/node_modules/@types/styled-components/index.d.ts'
[14:00:50.516] Adding entry into typings cache: 'stylis' => '/home/user/.cache/typescript/4.4/node_modules/@types/stylis/index.d.ts'
[14:00:50.518] Adding entry into typings cache: 'supports-color' => '/home/user/.cache/typescript/4.4/node_modules/@types/supports-color/index.d.ts'
[14:00:50.519] Adding entry into typings cache: 'svg-parser' => '/home/user/.cache/typescript/4.4/node_modules/@types/svg-parser/index.d.ts'
[14:00:50.520] Adding entry into typings cache: 'svgo' => '/home/user/.cache/typescript/4.4/node_modules/@types/svgo/index.d.ts'
[14:00:50.521] Adding entry into typings cache: 'symbol-tree' => '/home/user/.cache/typescript/4.4/node_modules/@types/symbol-tree/index.d.ts'
[14:00:50.522] Adding entry into typings cache: 'tapable' => '/home/user/.cache/typescript/4.4/node_modules/tapable/tapable.d.ts'
[14:00:50.523] Adding entry into typings cache: 'tar' => '/home/user/.cache/typescript/4.4/node_modules/@types/tar/index.d.ts'
[14:00:50.523] Adding entry into typings cache: 'text-table' => '/home/user/.cache/typescript/4.4/node_modules/@types/text-table/index.d.ts'
[14:00:50.524] Adding entry into typings cache: 'through2' => '/home/user/.cache/typescript/4.4/node_modules/@types/through2/index.d.ts'
[14:00:50.525] Adding entry into typings cache: 'thunky' => '/home/user/.cache/typescript/4.4/node_modules/@types/thunky/index.d.ts'
[14:00:50.526] Adding entry into typings cache: 'timsort' => '/home/user/.cache/typescript/4.4/node_modules/@types/timsort/index.d.ts'
[14:00:50.528] Adding entry into typings cache: 'tmp' => '/home/user/.cache/typescript/4.4/node_modules/@types/tmp/index.d.ts'
[14:00:50.528] Adding entry into typings cache: 'tmpl' => '/home/user/.cache/typescript/4.4/node_modules/@types/tmpl/index.d.ts'
[14:00:50.530] Adding entry into typings cache: 'to-regex' => '/home/user/.cache/typescript/4.4/node_modules/@types/to-regex/index.d.ts'
[14:00:50.531] Adding entry into typings cache: 'tough-cookie' => '/home/user/.cache/typescript/4.4/node_modules/@types/tough-cookie/index.d.ts'
[14:00:50.531] Adding entry into typings cache: 'trim' => '/home/user/.cache/typescript/4.4/node_modules/@types/trim/index.d.ts'
[14:00:50.532] Adding entry into typings cache: 'truncate-utf8-bytes' => '/home/user/.cache/typescript/4.4/node_modules/@types/truncate-utf8-bytes/index.d.ts'
[14:00:50.533] Adding entry into typings cache: 'tryer' => '/home/user/.cache/typescript/4.4/node_modules/@types/tryer/index.d.ts'
[14:00:50.533] Adding entry into typings cache: 'type-check' => '/home/user/.cache/typescript/4.4/node_modules/@types/type-check/index.d.ts'
[14:00:50.536] Adding entry into typings cache: 'type-detect' => '/home/user/.cache/typescript/4.4/node_modules/@types/type-detect/index.d.ts'
[14:00:50.536] Adding entry into typings cache: 'type-is' => '/home/user/.cache/typescript/4.4/node_modules/@types/type-is/index.d.ts'
[14:00:50.537] Adding entry into typings cache: 'ua-parser-js' => '/home/user/.cache/typescript/4.4/node_modules/@types/ua-parser-js/index.d.ts'
[14:00:50.538] Adding entry into typings cache: 'uglify-js' => '/home/user/.cache/typescript/4.4/node_modules/@types/uglify-js/index.d.ts'
[14:00:50.539] Adding entry into typings cache: 'ultron' => '/home/user/.cache/typescript/4.4/node_modules/@types/ultron/index.d.ts'
[14:00:50.540] Adding entry into typings cache: 'underscore' => '/home/user/.cache/typescript/4.4/node_modules/@types/underscore/index.d.ts'
[14:00:50.541] Adding entry into typings cache: 'uniq' => '/home/user/.cache/typescript/4.4/node_modules/@types/uniq/index.d.ts'
[14:00:50.541] Adding entry into typings cache: 'universalify' => '/home/user/.cache/typescript/4.4/node_modules/@types/universalify/index.d.ts'
[14:00:50.543] Adding entry into typings cache: 'urix' => '/home/user/.cache/typescript/4.4/node_modules/@types/urix/index.d.ts'
[14:00:50.544] Adding entry into typings cache: 'url-parse' => '/home/user/.cache/typescript/4.4/node_modules/@types/url-parse/index.d.ts'
[14:00:50.545] Adding entry into typings cache: 'url-parse-lax' => '/home/user/.cache/typescript/4.4/node_modules/@types/url-parse-lax/index.d.ts'
[14:00:50.547] Adding entry into typings cache: 'utf-8-validate' => '/home/user/.cache/typescript/4.4/node_modules/@types/utf-8-validate/index.d.ts'
[14:00:50.548] Adding entry into typings cache: 'utf8' => '/home/user/.cache/typescript/4.4/node_modules/@types/utf8/index.d.ts'
[14:00:50.553] Adding entry into typings cache: 'util-deprecate' => '/home/user/.cache/typescript/4.4/node_modules/@types/util-deprecate/index.d.ts'
[14:00:50.554] Adding entry into typings cache: 'util.promisify' => '/home/user/.cache/typescript/4.4/node_modules/@types/util.promisify/index.d.ts'
[14:00:50.556] Adding entry into typings cache: 'utils-merge' => '/home/user/.cache/typescript/4.4/node_modules/@types/utils-merge/index.d.ts'
[14:00:50.558] Adding entry into typings cache: 'uuid' => '/home/user/.cache/typescript/4.4/node_modules/@types/uuid/index.d.ts'
[14:00:50.560] Adding entry into typings cache: 'validate-npm-package-license' => '/home/user/.cache/typescript/4.4/node_modules/@types/validate-npm-package-license/index.d.ts'
[14:00:50.562] Adding entry into typings cache: 'varint' => '/home/user/.cache/typescript/4.4/node_modules/@types/varint/index.d.ts'
[14:00:50.564] Adding entry into typings cache: 'vary' => '/home/user/.cache/typescript/4.4/node_modules/@types/vary/index.d.ts'
[14:00:50.566] Adding entry into typings cache: 'verror' => '/home/user/.cache/typescript/4.4/node_modules/@types/verror/index.d.ts'
[14:00:50.568] Adding entry into typings cache: 'w3c-hr-time' => '/home/user/.cache/typescript/4.4/node_modules/@types/w3c-hr-time/index.d.ts'
[14:00:50.569] Adding entry into typings cache: 'w3c-xmlserializer' => '/home/user/.cache/typescript/4.4/node_modules/@types/w3c-xmlserializer/index.d.ts'
[14:00:50.570] Adding entry into typings cache: 'warning' => '/home/user/.cache/typescript/4.4/node_modules/@types/warning/index.d.ts'
[14:00:50.573] Adding entry into typings cache: 'watchpack' => '/home/user/.cache/typescript/4.4/node_modules/@types/watchpack/index.d.ts'
[14:00:50.574] Adding entry into typings cache: 'web3-provider-engine' => '/home/user/.cache/typescript/4.4/node_modules/@types/web3-provider-engine/index.d.ts'
[14:00:50.575] Adding entry into typings cache: 'webidl-conversions' => '/home/user/.cache/typescript/4.4/node_modules/@types/webidl-conversions/index.d.ts'
[14:00:50.579] Adding entry into typings cache: 'webpack' => '/home/user/.cache/typescript/4.4/node_modules/webpack/types.d.ts'
[14:00:50.580] Adding entry into typings cache: 'webpack-manifest-plugin' => '/home/user/.cache/typescript/4.4/node_modules/@types/webpack-manifest-plugin/index.d.ts'
[14:00:50.582] Adding entry into typings cache: 'webpack-sources' => '/home/user/.cache/typescript/4.4/node_modules/@types/webpack-sources/index.d.ts'
[14:00:50.583] Adding entry into typings cache: 'websocket' => '/home/user/.cache/typescript/4.4/node_modules/@types/websocket/index.d.ts'
[14:00:50.584] Adding entry into typings cache: 'whatwg-encoding' => '/home/user/.cache/typescript/4.4/node_modules/@types/whatwg-encoding/index.d.ts'
[14:00:50.585] Adding entry into typings cache: 'whatwg-mimetype' => '/home/user/.cache/typescript/4.4/node_modules/@types/whatwg-mimetype/index.d.ts'
[14:00:50.586] Adding entry into typings cache: 'whatwg-url' => '/home/user/.cache/typescript/4.4/node_modules/@types/whatwg-url/index.d.ts'
[14:00:50.587] Adding entry into typings cache: 'which' => '/home/user/.cache/typescript/4.4/node_modules/@types/which/index.d.ts'
[14:00:50.588] Adding entry into typings cache: 'window-size' => '/home/user/.cache/typescript/4.4/node_modules/@types/window-size/index.d.ts'
[14:00:50.588] Adding entry into typings cache: 'wordwrap' => '/home/user/.cache/typescript/4.4/node_modules/@types/wordwrap/index.d.ts'
[14:00:50.590] Adding entry into typings cache: 'workbox-build' => '/home/user/.cache/typescript/4.4/node_modules/@types/workbox-build/index.d.ts'
[14:00:50.591] Adding entry into typings cache: 'workbox-sw' => '/home/user/.cache/typescript/4.4/node_modules/@types/workbox-sw/index.d.ts'
[14:00:50.591] Adding entry into typings cache: 'workbox-webpack-plugin' => '/home/user/.cache/typescript/4.4/node_modules/@types/workbox-webpack-plugin/index.d.ts'
[14:00:50.592] Adding entry into typings cache: 'wrap-ansi' => '/home/user/.cache/typescript/4.4/node_modules/@types/wrap-ansi/index.d.ts'
[14:00:50.593] Adding entry into typings cache: 'write-file-atomic' => '/home/user/.cache/typescript/4.4/node_modules/@types/write-file-atomic/index.d.ts'
[14:00:50.594] Adding entry into typings cache: 'ws' => '/home/user/.cache/typescript/4.4/node_modules/@types/ws/index.d.ts'
[14:00:50.595] Adding entry into typings cache: 'xsalsa20' => '/home/user/.cache/typescript/4.4/node_modules/@types/xsalsa20/index.d.ts'
[14:00:50.596] Adding entry into typings cache: 'xtend' => '/home/user/.cache/typescript/4.4/node_modules/@types/xtend/index.d.ts'
[14:00:50.597] Adding entry into typings cache: 'yaeti' => '/home/user/.cache/typescript/4.4/node_modules/@types/yaeti/index.d.ts'
[14:00:50.598] Adding entry into typings cache: 'yallist' => '/home/user/.cache/typescript/4.4/node_modules/@types/yallist/index.d.ts'
[14:00:50.600] Adding entry into typings cache: 'yargs' => '/home/user/.cache/typescript/4.4/node_modules/@types/yargs/index.d.ts'
[14:00:50.602] Adding entry into typings cache: 'yargs-parser' => '/home/user/.cache/typescript/4.4/node_modules/@types/yargs-parser/index.d.ts'
[14:00:50.604] Adding entry into typings cache: 'yargs-unparser' => '/home/user/.cache/typescript/4.4/node_modules/@types/yargs-unparser/index.d.ts'
[14:00:50.604] Adding entry into typings cache: 'yeast' => '/home/user/.cache/typescript/4.4/node_modules/@types/yeast/index.d.ts'
[14:00:50.605] Finished processing cache location '/home/user/.cache/typescript/4.4'
[14:00:50.605] Process id: 27614
[14:00:50.605] NPM location: /home/user/.nvm/versions/node/v15.10.0/bin/npm (explicit '--npmLocation' not  provided)
[14:00:50.605] validateDefaultNpmLocation: false
[14:00:50.605] Npm config file: /home/user/.cache/typescript/4.4/package.json
[14:00:50.605] Updating types-registry npm package...
[14:00:50.606] Exec: /home/user/.nvm/versions/node/v15.10.0/bin/npm install --ignore-scripts types-registry@latest
[14:00:54.714]     Succeeded. stdout:
    
    up to date, audited 860 packages in 4s

15 packages are looking for funding
  run `npm fund` for details

3 high severity vulnerabilities

To address all issues (including breaking changes), run:
  npm audit fix --force

Run `npm audit` for details.

[14:00:54.714] Updated types-registry npm package
