Info 0    [18:16:07.648] Starting TS Server
Info 1    [18:16:07.655] Version: 4.4.3
Info 2    [18:16:07.655] Arguments: /home/user/.nvm/versions/node/v15.10.0/bin/node /home/user/dxdao/dxvote/node_modules/.bin/tsserver --logFile /home/user/dxdao/dxvote/.log/tsserver.log --logVerbosity info --cancellationPipeName /tmp/c3a96f51345b95f4075595238feb607a/tscancellation*
Info 3    [18:16:07.655] Platform: linux NodeVersion: 15 CaseSensitive: true
Info 4    [18:16:07.655] ServerMode: undefined syntaxOnly: false hasUnknownServerMode: undefined
Info 5    [18:16:07.677] Format host information updated
Info 6    [18:16:09.335] Search path: /home/user/dxdao/dxvote/src
Info 7    [18:16:09.336] For info: /home/user/dxdao/dxvote/src/index.tsx :: Config file name: /home/user/dxdao/dxvote/tsconfig.json
Info 8    [18:16:09.336] Creating configuration project /home/user/dxdao/dxvote/tsconfig.json
Info 9    [18:16:09.429] Config: /home/user/dxdao/dxvote/tsconfig.json : {
 "rootNames": [
  "/home/user/dxdao/dxvote/src/GuildsApp.tsx",
  "/home/user/dxdao/dxvote/src/PageRouter.tsx",
  "/home/user/dxdao/dxvote/src/index.tsx",
  "/home/user/dxdao/dxvote/src/react-app-env.d.ts",
  "/home/user/dxdao/dxvote/src/serviceWorker.ts",
  "/home/user/dxdao/dxvote/src/types.d.ts",
  "/home/user/dxdao/dxvote/src/cache/index.ts",
  "/home/user/dxdao/dxvote/src/components/FinanceInformation.tsx",
  "/home/user/dxdao/dxvote/src/components/GovernanceInformation.tsx",
  "/home/user/dxdao/dxvote/src/components/PermissionsInformation.tsx",
  "/home/user/dxdao/dxvote/src/components/SchemesInformation.tsx",
  "/home/user/dxdao/dxvote/src/components/Toggle.tsx",
  "/home/user/dxdao/dxvote/src/components/AccountDetails/index.tsx",
  "/home/user/dxdao/dxvote/src/components/ConfirmVoteModal/index.tsx",
  "/home/user/dxdao/dxvote/src/components/DiscourseImporter/index.tsx",
  "/home/user/dxdao/dxvote/src/components/Footer/index.tsx",
  "/home/user/dxdao/dxvote/src/components/Guilds/Filter/index.tsx",
  "/home/user/dxdao/dxvote/src/components/Guilds/Header/index.tsx",
  "/home/user/dxdao/dxvote/src/components/Guilds/ProposalActionsCard/ActionDetails.tsx",
  "/home/user/dxdao/dxvote/src/components/Guilds/ProposalActionsCard/ActionItem.tsx",
  "/home/user/dxdao/dxvote/src/components/Guilds/ProposalActionsCard/index.tsx",
  "/home/user/dxdao/dxvote/src/components/Guilds/ProposalCard/index.tsx",
  "/home/user/dxdao/dxvote/src/components/Guilds/ProposalSidebar/index.tsx",
  "/home/user/dxdao/dxvote/src/components/Guilds/ProposalSidebar/ProposalInfoCard/InfoItem.tsx",
  "/home/user/dxdao/dxvote/src/components/Guilds/ProposalSidebar/ProposalInfoCard/index.tsx",
  "/home/user/dxdao/dxvote/src/components/Guilds/ProposalSidebar/ProposalVoteCard/index.tsx",
  "/home/user/dxdao/dxvote/src/components/Guilds/ProposalStatus/index.tsx",
  "/home/user/dxdao/dxvote/src/components/Guilds/Sidebar/UserActions.tsx",
  "/home/user/dxdao/dxvote/src/components/Guilds/Sidebar/index.tsx",
  "/home/user/dxdao/dxvote/src/components/Guilds/SidebarCard/index.tsx",
  "/home/user/dxdao/dxvote/src/components/Guilds/common/Button/Button.tsx",
  "/home/user/dxdao/dxvote/src/components/Guilds/common/Button/IconButton.tsx",
  "/home/user/dxdao/dxvote/src/components/Guilds/common/Button/index.tsx",
  "/home/user/dxdao/dxvote/src/components/Guilds/common/DropdownMenu/index.tsx",
  "/home/user/dxdao/dxvote/src/components/Guilds/common/Form/index.tsx",
  "/home/user/dxdao/dxvote/src/components/Guilds/common/Layout/Box.tsx",
  "/home/user/dxdao/dxvote/src/components/Guilds/common/Layout/Container.tsx",
  "/home/user/dxdao/dxvote/src/components/Guilds/common/Layout/index.tsx",
  "/home/user/dxdao/dxvote/src/components/Guilds/common/Menu/index.tsx",
  "/home/user/dxdao/dxvote/src/components/Guilds/common/Typography/Heading.tsx",
  "/home/user/dxdao/dxvote/src/components/Guilds/common/Typography/index.tsx",
  "/home/user/dxdao/dxvote/src/components/Header/index.tsx",
  "/home/user/dxdao/dxvote/src/components/LevelSelect/index.tsx",
  "/home/user/dxdao/dxvote/src/components/LinkedButtons/index.tsx",
  "/home/user/dxdao/dxvote/src/components/MainnetWeb3Manager/index.tsx",
  "/home/user/dxdao/dxvote/src/components/Modal/index.tsx",
  "/home/user/dxdao/dxvote/src/components/NetworkModal/Option.tsx",
  "/home/user/dxdao/dxvote/src/components/NetworkModal/index.tsx",
  "/home/user/dxdao/dxvote/src/components/Proposal/index.ts",
  "/home/user/dxdao/dxvote/src/components/Proposal/styles.ts",
  "/home/user/dxdao/dxvote/src/components/Proposal/Calls/BaseCalls.tsx",
  "/home/user/dxdao/dxvote/src/components/Proposal/Calls/Error.tsx",
  "/home/user/dxdao/dxvote/src/components/Proposal/Calls/EtherscanCalls.tsx",
  "/home/user/dxdao/dxvote/src/components/Proposal/Calls/RecommendedCalls.tsx",
  "/home/user/dxdao/dxvote/src/components/Proposal/Calls/ShowMore.tsx",
  "/home/user/dxdao/dxvote/src/components/Proposal/Calls/index.tsx",
  "/home/user/dxdao/dxvote/src/components/Proposal/Details/index.tsx",
  "/home/user/dxdao/dxvote/src/components/Proposal/History/index.tsx",
  "/home/user/dxdao/dxvote/src/components/Proposal/Stakes/index.tsx",
  "/home/user/dxdao/dxvote/src/components/Proposal/Status/index.tsx",
  "/home/user/dxdao/dxvote/src/components/Proposal/Votes/index.tsx",
  "/home/user/dxdao/dxvote/src/components/ProposalSubmission/Custom/Calls.tsx",
  "/home/user/dxdao/dxvote/src/components/ProposalSubmission/Custom/ContributionRewardCall.tsx",
  "/home/user/dxdao/dxvote/src/components/ProposalSubmission/Custom/Preview.tsx",
  "/home/user/dxdao/dxvote/src/components/ProposalSubmission/Custom/SchemeRegistarCall.tsx",
  "/home/user/dxdao/dxvote/src/components/Proposals/ProposalsExporter.tsx",
  "/home/user/dxdao/dxvote/src/components/Proposals/Search/SchemeSearch.tsx",
  "/home/user/dxdao/dxvote/src/components/Proposals/Search/StatusSearch.tsx",
  "/home/user/dxdao/dxvote/src/components/Proposals/Search/TitleSearch.tsx",
  "/home/user/dxdao/dxvote/src/components/Proposals/Search/index.ts",
  "/home/user/dxdao/dxvote/src/components/Proposals/Search/style.ts",
  "/home/user/dxdao/dxvote/src/components/RepDisplay/index.tsx",
  "/home/user/dxdao/dxvote/src/components/WalletModal/Option.tsx",
  "/home/user/dxdao/dxvote/src/components/WalletModal/index.tsx",
  "/home/user/dxdao/dxvote/src/components/Web3ConnectStatus/index.tsx",
  "/home/user/dxdao/dxvote/src/components/Web3ReactManager/index.tsx",
  "/home/user/dxdao/dxvote/src/components/common/BlockchainLink.tsx",
  "/home/user/dxdao/dxvote/src/components/common/Box.tsx",
  "/home/user/dxdao/dxvote/src/components/common/Button.tsx",
  "/home/user/dxdao/dxvote/src/components/common/Copy.tsx",
  "/home/user/dxdao/dxvote/src/components/common/ErrorButton.tsx",
  "/home/user/dxdao/dxvote/src/components/common/InactiveButton.tsx",
  "/home/user/dxdao/dxvote/src/components/common/InfoBox.tsx",
  "/home/user/dxdao/dxvote/src/components/common/Link.tsx",
  "/home/user/dxdao/dxvote/src/components/common/LoadingIcon.tsx",
  "/home/user/dxdao/dxvote/src/components/common/PendingCircle.tsx",
  "/home/user/dxdao/dxvote/src/components/common/Question.tsx",
  "/home/user/dxdao/dxvote/src/components/common/Row.tsx",
  "/home/user/dxdao/dxvote/src/components/common/Subtitle.tsx",
  "/home/user/dxdao/dxvote/src/components/common/Table.ts",
  "/home/user/dxdao/dxvote/src/components/common/Title.tsx",
  "/home/user/dxdao/dxvote/src/components/common/Transaction.tsx",
  "/home/user/dxdao/dxvote/src/components/common/Votes.ts",
  "/home/user/dxdao/dxvote/src/components/common/index.ts",
  "/home/user/dxdao/dxvote/src/components/common/Forms/InputDate.tsx",
  "/home/user/dxdao/dxvote/src/components/common/Forms/index.ts",
  "/home/user/dxdao/dxvote/src/contexts/index.ts",
  "/home/user/dxdao/dxvote/src/contexts/proposals.tsx",
  "/home/user/dxdao/dxvote/src/contracts/index.ts",
  "/home/user/dxdao/dxvote/src/hooks/useABIService.ts",
  "/home/user/dxdao/dxvote/src/hooks/useDebounceFn.ts",
  "/home/user/dxdao/dxvote/src/hooks/useEtherscanService.ts",
  "/home/user/dxdao/dxvote/src/hooks/useExporters.ts",
  "/home/user/dxdao/dxvote/src/hooks/useFilterCriteria.ts",
  "/home/user/dxdao/dxvote/src/hooks/useFilteredProposals.ts",
  "/home/user/dxdao/dxvote/src/hooks/useMiniSearch.ts",
  "/home/user/dxdao/dxvote/src/hooks/useParams.ts",
  "/home/user/dxdao/dxvote/src/hooks/useProposals.ts",
  "/home/user/dxdao/dxvote/src/hooks/useQuery.ts",
  "/home/user/dxdao/dxvote/src/hooks/useQueryStringValue.ts",
  "/home/user/dxdao/dxvote/src/hooks/useRep.ts",
  "/home/user/dxdao/dxvote/src/hooks/useTokenService.ts",
  "/home/user/dxdao/dxvote/src/hooks/Guilds/useMenu.ts",
  "/home/user/dxdao/dxvote/src/pages/Configuration.tsx",
  "/home/user/dxdao/dxvote/src/pages/FAQ.tsx",
  "/home/user/dxdao/dxvote/src/pages/Forum.tsx",
  "/home/user/dxdao/dxvote/src/pages/Info.tsx",
  "/home/user/dxdao/dxvote/src/pages/Metadata.tsx",
  "/home/user/dxdao/dxvote/src/pages/NewProposalType.tsx",
  "/home/user/dxdao/dxvote/src/pages/Proposal.tsx",
  "/home/user/dxdao/dxvote/src/pages/SubmitProposal.tsx",
  "/home/user/dxdao/dxvote/src/pages/User.tsx",
  "/home/user/dxdao/dxvote/src/pages/Guilds/Guilds.tsx",
  "/home/user/dxdao/dxvote/src/pages/Guilds/Proposal.tsx",
  "/home/user/dxdao/dxvote/src/pages/ProposalSubmission/ContributorProposal.tsx",
  "/home/user/dxdao/dxvote/src/pages/ProposalSubmission/Custom.tsx",
  "/home/user/dxdao/dxvote/src/pages/proposals/index.tsx",
  "/home/user/dxdao/dxvote/src/pages/proposals/styles.ts",
  "/home/user/dxdao/dxvote/src/provider/MetamaskConnector.ts",
  "/home/user/dxdao/dxvote/src/provider/UncheckedJsonRpcSigner.ts",
  "/home/user/dxdao/dxvote/src/provider/connectors.ts",
  "/home/user/dxdao/dxvote/src/provider/providerHooks.ts",
  "/home/user/dxdao/dxvote/src/services/ABIService.ts",
  "/home/user/dxdao/dxvote/src/services/AlchemyService.ts",
  "/home/user/dxdao/dxvote/src/services/CoingeckoService.ts",
  "/home/user/dxdao/dxvote/src/services/CustomRpcService.ts",
  "/home/user/dxdao/dxvote/src/services/DaoService.ts",
  "/home/user/dxdao/dxvote/src/services/ENSService.ts",
  "/home/user/dxdao/dxvote/src/services/EtherscanService.ts",
  "/home/user/dxdao/dxvote/src/services/EventsService.ts",
  "/home/user/dxdao/dxvote/src/services/IPFSService.ts",
  "/home/user/dxdao/dxvote/src/services/InfuraService.ts",
  "/home/user/dxdao/dxvote/src/services/MulticallService.ts",
  "/home/user/dxdao/dxvote/src/services/PinataService.ts",
  "/home/user/dxdao/dxvote/src/services/PoktService.ts",
  "/home/user/dxdao/dxvote/src/stores/BlockchainStore.ts",
  "/home/user/dxdao/dxvote/src/stores/ConfigStore.ts",
  "/home/user/dxdao/dxvote/src/stores/DaoStore.ts",
  "/home/user/dxdao/dxvote/src/stores/Modal.ts",
  "/home/user/dxdao/dxvote/src/stores/NotificationStore.ts",
  "/home/user/dxdao/dxvote/src/stores/Provider.ts",
  "/home/user/dxdao/dxvote/src/stores/Transaction.ts",
  "/home/user/dxdao/dxvote/src/stores/UserStore.ts",
  "/home/user/dxdao/dxvote/src/stores/actions/actions.ts",
  "/home/user/dxdao/dxvote/src/stores/actions/error.ts",
  "/home/user/dxdao/dxvote/src/stores/actions/fetch.ts",
  "/home/user/dxdao/dxvote/src/theme/GlobalTheme.ts",
  "/home/user/dxdao/dxvote/src/theme/index.tsx",
  "/home/user/dxdao/dxvote/src/utils/address.ts",
  "/home/user/dxdao/dxvote/src/utils/array.ts",
  "/home/user/dxdao/dxvote/src/utils/bignumber.ts",
  "/home/user/dxdao/dxvote/src/utils/cache.ts",
  "/home/user/dxdao/dxvote/src/utils/constants.ts",
  "/home/user/dxdao/dxvote/src/utils/date.ts",
  "/home/user/dxdao/dxvote/src/utils/encodingCalls.ts",
  "/home/user/dxdao/dxvote/src/utils/enums.ts",
  "/home/user/dxdao/dxvote/src/utils/helperHooks.ts",
  "/home/user/dxdao/dxvote/src/utils/helpers.ts",
  "/home/user/dxdao/dxvote/src/utils/index.ts",
  "/home/user/dxdao/dxvote/src/utils/number.ts",
  "/home/user/dxdao/dxvote/src/utils/permissions.ts",
  "/home/user/dxdao/dxvote/src/utils/proposals.ts",
  "/home/user/dxdao/dxvote/src/utils/scheme.ts",
  "/home/user/dxdao/dxvote/src/utils/transaction.ts"
 ],
 "options": {
  "outDir": "/home/user/dxdao/dxvote/build",
  "noImplicitAny": false,
  "module": 99,
  "moduleResolution": 2,
  "target": 5,
  "jsx": 4,
  "baseUrl": "/home/user/dxdao/dxvote/src",
  "esModuleInterop": true,
  "resolveJsonModule": true,
  "allowJs": true,
  "experimentalDecorators": true,
  "strictNullChecks": false,
  "skipLibCheck": true,
  "lib": [
   "lib.dom.d.ts",
   "lib.dom.iterable.d.ts",
   "lib.esnext.d.ts"
  ],
  "allowSyntheticDefaultImports": true,
  "strict": true,
  "forceConsistentCasingInFileNames": true,
  "noEmit": true,
  "declaration": true,
  "noUnusedParameters": false,
  "noImplicitReturns": true,
  "allowUnreachableCode": false,
  "isolatedModules": true,
  "useDefineForClassFields": true,
  "noFallthroughCasesInSwitch": true,
  "useUnknownInCatchVariables": false,
  "noUnusedLocals": true,
  "typeRoots": [
   "/home/user/dxdao/dxvote/src/types"
  ],
  "configFilePath": "/home/user/dxdao/dxvote/tsconfig.json"
 }
}
Info 10   [18:16:09.476] Starting updateGraphWorker: Project: /home/user/dxdao/dxvote/tsconfig.json
Info 11   [18:16:13.836] Finishing updateGraphWorker: Project: /home/user/dxdao/dxvote/tsconfig.json Version: 1 structureChanged: true structureIsReused:: Not Elapsed: 4359.419559001923ms
Info 12   [18:16:13.836] Project '/home/user/dxdao/dxvote/tsconfig.json' (Configured)
Info 13   [18:16:13.836] 	Files (663)

Info 14   [18:16:13.836] -----------------------------------------------
Info 15   [18:16:13.911] Starting updateGraphWorker: Project: /dev/null/autoImportProviderProject1*
Info 16   [18:16:14.192] Finishing updateGraphWorker: Project: /dev/null/autoImportProviderProject1* Version: 1 structureChanged: true structureIsReused:: Not Elapsed: 280.8265279978514ms
Info 17   [18:16:14.192] Project '/dev/null/autoImportProviderProject1*' (AutoImportProvider)
Info 18   [18:16:14.192] 	Files (97)

Info 19   [18:16:14.192] -----------------------------------------------
Info 20   [18:16:31.018] DirectoryWatcher:: Triggered with /home/user/dxdao/dxvote/src/components/Guilds/Filter/index.tsx :: WatchInfo: /home/user/dxdao/dxvote/src 1 undefined Config: /home/user/dxdao/dxvote/tsconfig.json WatchType: Wild card directory
Info 21   [18:16:31.023] Elapsed:: 5.314222000539303ms DirectoryWatcher:: Triggered with /home/user/dxdao/dxvote/src/components/Guilds/Filter/index.tsx :: WatchInfo: /home/user/dxdao/dxvote/src 1 undefined Config: /home/user/dxdao/dxvote/tsconfig.json WatchType: Wild card directory
Info 22   [18:16:31.023] DirectoryWatcher:: Triggered with /home/user/dxdao/dxvote/src/components/Guilds/Filter/index.tsx :: WatchInfo: /home/user/dxdao/dxvote/src 1 undefined Project: /home/user/dxdao/dxvote/tsconfig.json WatchType: Failed Lookup Locations
Info 23   [18:16:31.025] Elapsed:: 1.5836390033364296ms DirectoryWatcher:: Triggered with /home/user/dxdao/dxvote/src/components/Guilds/Filter/index.tsx :: WatchInfo: /home/user/dxdao/dxvote/src 1 undefined Project: /home/user/dxdao/dxvote/tsconfig.json WatchType: Failed Lookup Locations
Info 24   [18:16:31.025] DirectoryWatcher:: Triggered with /home/user/dxdao/dxvote/src/components/Guilds/Filter/index.tsx :: WatchInfo: /home/user/dxdao/dxvote/src 1 undefined Project: /dev/null/autoImportProviderProject1* WatchType: Failed Lookup Locations
Info 25   [18:16:31.026] Elapsed:: 0.20116600394248962ms DirectoryWatcher:: Triggered with /home/user/dxdao/dxvote/src/components/Guilds/Filter/index.tsx :: WatchInfo: /home/user/dxdao/dxvote/src 1 undefined Project: /dev/null/autoImportProviderProject1* WatchType: Failed Lookup Locations
Info 26   [18:16:31.028] DirectoryWatcher:: Triggered with /home/user/dxdao/dxvote/src/components/Guilds/Filter :: WatchInfo: /home/user/dxdao/dxvote/src 1 undefined Config: /home/user/dxdao/dxvote/tsconfig.json WatchType: Wild card directory
Info 27   [18:16:31.030] Elapsed:: 1.8570419996976852ms DirectoryWatcher:: Triggered with /home/user/dxdao/dxvote/src/components/Guilds/Filter :: WatchInfo: /home/user/dxdao/dxvote/src 1 undefined Config: /home/user/dxdao/dxvote/tsconfig.json WatchType: Wild card directory
Info 28   [18:16:31.030] DirectoryWatcher:: Triggered with /home/user/dxdao/dxvote/src/components/Guilds/Filter :: WatchInfo: /home/user/dxdao/dxvote/src 1 undefined Project: /home/user/dxdao/dxvote/tsconfig.json WatchType: Failed Lookup Locations
Info 29   [18:16:31.031] Elapsed:: 0.14461199939250946ms DirectoryWatcher:: Triggered with /home/user/dxdao/dxvote/src/components/Guilds/Filter :: WatchInfo: /home/user/dxdao/dxvote/src 1 undefined Project: /home/user/dxdao/dxvote/tsconfig.json WatchType: Failed Lookup Locations
Info 30   [18:16:31.031] DirectoryWatcher:: Triggered with /home/user/dxdao/dxvote/src/components/Guilds/Filter :: WatchInfo: /home/user/dxdao/dxvote/src 1 undefined Project: /dev/null/autoImportProviderProject1* WatchType: Failed Lookup Locations
Info 31   [18:16:31.031] Elapsed:: 0.07958599925041199ms DirectoryWatcher:: Triggered with /home/user/dxdao/dxvote/src/components/Guilds/Filter :: WatchInfo: /home/user/dxdao/dxvote/src 1 undefined Project: /dev/null/autoImportProviderProject1* WatchType: Failed Lookup Locations
Info 32   [18:16:31.033] DirectoryWatcher:: Triggered with /home/user/dxdao/dxvote/src/components/Guilds/common/Form/index.tsx :: WatchInfo: /home/user/dxdao/dxvote/src 1 undefined Config: /home/user/dxdao/dxvote/tsconfig.json WatchType: Wild card directory
Info 33   [18:16:31.034] Elapsed:: 0.8638609945774078ms DirectoryWatcher:: Triggered with /home/user/dxdao/dxvote/src/components/Guilds/common/Form/index.tsx :: WatchInfo: /home/user/dxdao/dxvote/src 1 undefined Config: /home/user/dxdao/dxvote/tsconfig.json WatchType: Wild card directory
Info 34   [18:16:31.034] DirectoryWatcher:: Triggered with /home/user/dxdao/dxvote/src/components/Guilds/common/Form/index.tsx :: WatchInfo: /home/user/dxdao/dxvote/src 1 undefined Project: /home/user/dxdao/dxvote/tsconfig.json WatchType: Failed Lookup Locations
Info 35   [18:16:31.034] Elapsed:: 0.2044529989361763ms DirectoryWatcher:: Triggered with /home/user/dxdao/dxvote/src/components/Guilds/common/Form/index.tsx :: WatchInfo: /home/user/dxdao/dxvote/src 1 undefined Project: /home/user/dxdao/dxvote/tsconfig.json WatchType: Failed Lookup Locations
Info 36   [18:16:31.034] DirectoryWatcher:: Triggered with /home/user/dxdao/dxvote/src/components/Guilds/common/Form/index.tsx :: WatchInfo: /home/user/dxdao/dxvote/src 1 undefined Project: /dev/null/autoImportProviderProject1* WatchType: Failed Lookup Locations
Info 37   [18:16:31.035] Elapsed:: 0.20275600254535675ms DirectoryWatcher:: Triggered with /home/user/dxdao/dxvote/src/components/Guilds/common/Form/index.tsx :: WatchInfo: /home/user/dxdao/dxvote/src 1 undefined Project: /dev/null/autoImportProviderProject1* WatchType: Failed Lookup Locations
Info 38   [18:16:31.035] DirectoryWatcher:: Triggered with /home/user/dxdao/dxvote/src/components/Guilds/common/Typography/Heading.tsx :: WatchInfo: /home/user/dxdao/dxvote/src 1 undefined Config: /home/user/dxdao/dxvote/tsconfig.json WatchType: Wild card directory
Info 39   [18:16:31.036] Elapsed:: 0.9998369961977005ms DirectoryWatcher:: Triggered with /home/user/dxdao/dxvote/src/components/Guilds/common/Typography/Heading.tsx :: WatchInfo: /home/user/dxdao/dxvote/src 1 undefined Config: /home/user/dxdao/dxvote/tsconfig.json WatchType: Wild card directory
Info 40   [18:16:31.036] DirectoryWatcher:: Triggered with /home/user/dxdao/dxvote/src/components/Guilds/common/Typography/Heading.tsx :: WatchInfo: /home/user/dxdao/dxvote/src 1 undefined Project: /home/user/dxdao/dxvote/tsconfig.json WatchType: Failed Lookup Locations
Info 41   [18:16:31.037] Elapsed:: 0.20588500052690506ms DirectoryWatcher:: Triggered with /home/user/dxdao/dxvote/src/components/Guilds/common/Typography/Heading.tsx :: WatchInfo: /home/user/dxdao/dxvote/src 1 undefined Project: /home/user/dxdao/dxvote/tsconfig.json WatchType: Failed Lookup Locations
Info 42   [18:16:31.037] DirectoryWatcher:: Triggered with /home/user/dxdao/dxvote/src/components/Guilds/common/Typography/Heading.tsx :: WatchInfo: /home/user/dxdao/dxvote/src 1 undefined Project: /dev/null/autoImportProviderProject1* WatchType: Failed Lookup Locations
Info 43   [18:16:31.037] Elapsed:: 0.18120300024747849ms DirectoryWatcher:: Triggered with /home/user/dxdao/dxvote/src/components/Guilds/common/Typography/Heading.tsx :: WatchInfo: /home/user/dxdao/dxvote/src 1 undefined Project: /dev/null/autoImportProviderProject1* WatchType: Failed Lookup Locations
Info 44   [18:16:31.038] DirectoryWatcher:: Triggered with /home/user/dxdao/dxvote/src/components/Guilds/common/Form :: WatchInfo: /home/user/dxdao/dxvote/src 1 undefined Config: /home/user/dxdao/dxvote/tsconfig.json WatchType: Wild card directory
Info 45   [18:16:31.039] Elapsed:: 0.7984030023217201ms DirectoryWatcher:: Triggered with /home/user/dxdao/dxvote/src/components/Guilds/common/Form :: WatchInfo: /home/user/dxdao/dxvote/src 1 undefined Config: /home/user/dxdao/dxvote/tsconfig.json WatchType: Wild card directory
Info 46   [18:16:31.039] DirectoryWatcher:: Triggered with /home/user/dxdao/dxvote/src/components/Guilds/common/Form :: WatchInfo: /home/user/dxdao/dxvote/src 1 undefined Project: /home/user/dxdao/dxvote/tsconfig.json WatchType: Failed Lookup Locations
Info 47   [18:16:31.039] Elapsed:: 0.10584300011396408ms DirectoryWatcher:: Triggered with /home/user/dxdao/dxvote/src/components/Guilds/common/Form :: WatchInfo: /home/user/dxdao/dxvote/src 1 undefined Project: /home/user/dxdao/dxvote/tsconfig.json WatchType: Failed Lookup Locations
Info 48   [18:16:31.039] DirectoryWatcher:: Triggered with /home/user/dxdao/dxvote/src/components/Guilds/common/Form :: WatchInfo: /home/user/dxdao/dxvote/src 1 undefined Project: /dev/null/autoImportProviderProject1* WatchType: Failed Lookup Locations
Info 49   [18:16:31.039] Elapsed:: 0.07043000310659409ms DirectoryWatcher:: Triggered with /home/user/dxdao/dxvote/src/components/Guilds/common/Form :: WatchInfo: /home/user/dxdao/dxvote/src 1 undefined Project: /dev/null/autoImportProviderProject1* WatchType: Failed Lookup Locations
Info 50   [18:16:31.040] DirectoryWatcher:: Triggered with /home/user/dxdao/dxvote/src/components/Guilds/common/Typography/index.tsx :: WatchInfo: /home/user/dxdao/dxvote/src 1 undefined Config: /home/user/dxdao/dxvote/tsconfig.json WatchType: Wild card directory
Info 51   [18:16:31.041] Elapsed:: 0.7035880014300346ms DirectoryWatcher:: Triggered with /home/user/dxdao/dxvote/src/components/Guilds/common/Typography/index.tsx :: WatchInfo: /home/user/dxdao/dxvote/src 1 undefined Config: /home/user/dxdao/dxvote/tsconfig.json WatchType: Wild card directory
Info 52   [18:16:31.041] DirectoryWatcher:: Triggered with /home/user/dxdao/dxvote/src/components/Guilds/common/Typography/index.tsx :: WatchInfo: /home/user/dxdao/dxvote/src 1 undefined Project: /home/user/dxdao/dxvote/tsconfig.json WatchType: Failed Lookup Locations
Info 53   [18:16:31.041] Elapsed:: 0.16181699931621552ms DirectoryWatcher:: Triggered with /home/user/dxdao/dxvote/src/components/Guilds/common/Typography/index.tsx :: WatchInfo: /home/user/dxdao/dxvote/src 1 undefined Project: /home/user/dxdao/dxvote/tsconfig.json WatchType: Failed Lookup Locations
Info 54   [18:16:31.041] DirectoryWatcher:: Triggered with /home/user/dxdao/dxvote/src/components/Guilds/common/Typography/index.tsx :: WatchInfo: /home/user/dxdao/dxvote/src 1 undefined Project: /dev/null/autoImportProviderProject1* WatchType: Failed Lookup Locations
Info 55   [18:16:31.042] Elapsed:: 0.14799299836158752ms DirectoryWatcher:: Triggered with /home/user/dxdao/dxvote/src/components/Guilds/common/Typography/index.tsx :: WatchInfo: /home/user/dxdao/dxvote/src 1 undefined Project: /dev/null/autoImportProviderProject1* WatchType: Failed Lookup Locations
Info 56   [18:16:31.042] DirectoryWatcher:: Triggered with /home/user/dxdao/dxvote/src/hooks/Guilds/useMenu.ts :: WatchInfo: /home/user/dxdao/dxvote/src 1 undefined Config: /home/user/dxdao/dxvote/tsconfig.json WatchType: Wild card directory
Info 57   [18:16:31.053] Elapsed:: 10.364568002521992ms DirectoryWatcher:: Triggered with /home/user/dxdao/dxvote/src/hooks/Guilds/useMenu.ts :: WatchInfo: /home/user/dxdao/dxvote/src 1 undefined Config: /home/user/dxdao/dxvote/tsconfig.json WatchType: Wild card directory
Info 58   [18:16:31.053] DirectoryWatcher:: Triggered with /home/user/dxdao/dxvote/src/hooks/Guilds/useMenu.ts :: WatchInfo: /home/user/dxdao/dxvote/src 1 undefined Project: /home/user/dxdao/dxvote/tsconfig.json WatchType: Failed Lookup Locations
Info 59   [18:16:31.053] Elapsed:: 0.21592900156974792ms DirectoryWatcher:: Triggered with /home/user/dxdao/dxvote/src/hooks/Guilds/useMenu.ts :: WatchInfo: /home/user/dxdao/dxvote/src 1 undefined Project: /home/user/dxdao/dxvote/tsconfig.json WatchType: Failed Lookup Locations
Info 60   [18:16:31.053] DirectoryWatcher:: Triggered with /home/user/dxdao/dxvote/src/hooks/Guilds/useMenu.ts :: WatchInfo: /home/user/dxdao/dxvote/src 1 undefined Project: /dev/null/autoImportProviderProject1* WatchType: Failed Lookup Locations
Info 61   [18:16:31.054] Elapsed:: 0.16000699996948242ms DirectoryWatcher:: Triggered with /home/user/dxdao/dxvote/src/hooks/Guilds/useMenu.ts :: WatchInfo: /home/user/dxdao/dxvote/src 1 undefined Project: /dev/null/autoImportProviderProject1* WatchType: Failed Lookup Locations
Info 62   [18:16:31.054] DirectoryWatcher:: Triggered with /home/user/dxdao/dxvote/src/components/Guilds/common/Typography :: WatchInfo: /home/user/dxdao/dxvote/src 1 undefined Config: /home/user/dxdao/dxvote/tsconfig.json WatchType: Wild card directory
Info 63   [18:16:31.055] Elapsed:: 0.8784880042076111ms DirectoryWatcher:: Triggered with /home/user/dxdao/dxvote/src/components/Guilds/common/Typography :: WatchInfo: /home/user/dxdao/dxvote/src 1 undefined Config: /home/user/dxdao/dxvote/tsconfig.json WatchType: Wild card directory
Info 64   [18:16:31.055] DirectoryWatcher:: Triggered with /home/user/dxdao/dxvote/src/components/Guilds/common/Typography :: WatchInfo: /home/user/dxdao/dxvote/src 1 undefined Project: /home/user/dxdao/dxvote/tsconfig.json WatchType: Failed Lookup Locations
Info 65   [18:16:31.056] Elapsed:: 0.098921999335289ms DirectoryWatcher:: Triggered with /home/user/dxdao/dxvote/src/components/Guilds/common/Typography :: WatchInfo: /home/user/dxdao/dxvote/src 1 undefined Project: /home/user/dxdao/dxvote/tsconfig.json WatchType: Failed Lookup Locations
Info 66   [18:16:31.056] DirectoryWatcher:: Triggered with /home/user/dxdao/dxvote/src/components/Guilds/common/Typography :: WatchInfo: /home/user/dxdao/dxvote/src 1 undefined Project: /dev/null/autoImportProviderProject1* WatchType: Failed Lookup Locations
Info 67   [18:16:31.056] Elapsed:: 0.07165000587701797ms DirectoryWatcher:: Triggered with /home/user/dxdao/dxvote/src/components/Guilds/common/Typography :: WatchInfo: /home/user/dxdao/dxvote/src 1 undefined Project: /dev/null/autoImportProviderProject1* WatchType: Failed Lookup Locations
Info 68   [18:16:31.057] DirectoryWatcher:: Triggered with /home/user/dxdao/dxvote/src/hooks/Guilds :: WatchInfo: /home/user/dxdao/dxvote/src 1 undefined Config: /home/user/dxdao/dxvote/tsconfig.json WatchType: Wild card directory
Info 69   [18:16:31.058] Elapsed:: 0.7630309984087944ms DirectoryWatcher:: Triggered with /home/user/dxdao/dxvote/src/hooks/Guilds :: WatchInfo: /home/user/dxdao/dxvote/src 1 undefined Config: /home/user/dxdao/dxvote/tsconfig.json WatchType: Wild card directory
Info 70   [18:16:31.058] DirectoryWatcher:: Triggered with /home/user/dxdao/dxvote/src/hooks/Guilds :: WatchInfo: /home/user/dxdao/dxvote/src 1 undefined Project: /home/user/dxdao/dxvote/tsconfig.json WatchType: Failed Lookup Locations
Info 71   [18:16:31.058] Elapsed:: 0.09457699954509735ms DirectoryWatcher:: Triggered with /home/user/dxdao/dxvote/src/hooks/Guilds :: WatchInfo: /home/user/dxdao/dxvote/src 1 undefined Project: /home/user/dxdao/dxvote/tsconfig.json WatchType: Failed Lookup Locations
Info 72   [18:16:31.058] DirectoryWatcher:: Triggered with /home/user/dxdao/dxvote/src/hooks/Guilds :: WatchInfo: /home/user/dxdao/dxvote/src 1 undefined Project: /dev/null/autoImportProviderProject1* WatchType: Failed Lookup Locations
Info 73   [18:16:31.059] Elapsed:: 0.07495399564504623ms DirectoryWatcher:: Triggered with /home/user/dxdao/dxvote/src/hooks/Guilds :: WatchInfo: /home/user/dxdao/dxvote/src 1 undefined Project: /dev/null/autoImportProviderProject1* WatchType: Failed Lookup Locations
Info 74   [18:16:31.473] Starting updateGraphWorker: Project: /home/user/dxdao/dxvote/tsconfig.json
Info 75   [18:16:31.611] Finishing updateGraphWorker: Project: /home/user/dxdao/dxvote/tsconfig.json Version: 2 structureChanged: true structureIsReused:: Not Elapsed: 137.22444799542427ms
Info 76   [18:16:31.611] Project '/home/user/dxdao/dxvote/tsconfig.json' (Configured)
Info 77   [18:16:31.611] 	Files (656)

Info 78   [18:16:31.611] -----------------------------------------------
Info 79   [18:16:31.611] Project '/dev/null/autoImportProviderProject1*' (AutoImportProvider)
Info 80   [18:16:31.611] 	Files (97)

Info 81   [18:16:31.611] -----------------------------------------------
Info 82   [18:16:32.068] DirectoryWatcher:: Triggered with /home/user/dxdao/dxvote/src :: WatchInfo: /home/user/dxdao/dxvote/src 1 undefined Config: /home/user/dxdao/dxvote/tsconfig.json WatchType: Wild card directory
Info 83   [18:16:32.068] Elapsed:: 0.11393100023269653ms DirectoryWatcher:: Triggered with /home/user/dxdao/dxvote/src :: WatchInfo: /home/user/dxdao/dxvote/src 1 undefined Config: /home/user/dxdao/dxvote/tsconfig.json WatchType: Wild card directory
Info 84   [18:16:32.068] DirectoryWatcher:: Triggered with /home/user/dxdao/dxvote/src :: WatchInfo: /home/user/dxdao/dxvote/src 1 undefined Project: /home/user/dxdao/dxvote/tsconfig.json WatchType: Failed Lookup Locations
Info 85   [18:16:32.068] Elapsed:: 0.03988900035619736ms DirectoryWatcher:: Triggered with /home/user/dxdao/dxvote/src :: WatchInfo: /home/user/dxdao/dxvote/src 1 undefined Project: /home/user/dxdao/dxvote/tsconfig.json WatchType: Failed Lookup Locations
Info 86   [18:16:32.068] DirectoryWatcher:: Triggered with /home/user/dxdao/dxvote/src :: WatchInfo: /home/user/dxdao/dxvote/src 1 undefined Project: /dev/null/autoImportProviderProject1* WatchType: Failed Lookup Locations
Info 87   [18:16:32.068] Elapsed:: 0.028491996228694916ms DirectoryWatcher:: Triggered with /home/user/dxdao/dxvote/src :: WatchInfo: /home/user/dxdao/dxvote/src 1 undefined Project: /dev/null/autoImportProviderProject1* WatchType: Failed Lookup Locations
Info 88   [18:16:32.232] FileWatcher:: Triggered with /home/user/dxdao/dxvote/src/hooks/Guilds/useMenu.ts 2:: WatchInfo: /home/user/dxdao/dxvote/src/hooks/Guilds/useMenu.ts 500 undefined WatchType: Closed Script info
Info 89   [18:16:32.232] Elapsed:: 0.45568300038576126ms FileWatcher:: Triggered with /home/user/dxdao/dxvote/src/hooks/Guilds/useMenu.ts 2:: WatchInfo: /home/user/dxdao/dxvote/src/hooks/Guilds/useMenu.ts 500 undefined WatchType: Closed Script info
Info 90   [18:16:32.232] FileWatcher:: Triggered with /home/user/dxdao/dxvote/src/pages/Guilds/Guilds.tsx 1:: WatchInfo: /home/user/dxdao/dxvote/src/pages/Guilds/Guilds.tsx 500 undefined WatchType: Closed Script info
Info 91   [18:16:32.233] Elapsed:: 0.18814000487327576ms FileWatcher:: Triggered with /home/user/dxdao/dxvote/src/pages/Guilds/Guilds.tsx 1:: WatchInfo: /home/user/dxdao/dxvote/src/pages/Guilds/Guilds.tsx 500 undefined WatchType: Closed Script info
Info 92   [18:16:32.233] FileWatcher:: Triggered with /home/user/dxdao/dxvote/src/pages/proposals/index.tsx 1:: WatchInfo: /home/user/dxdao/dxvote/src/pages/proposals/index.tsx 500 undefined WatchType: Closed Script info
Info 93   [18:16:32.233] Elapsed:: 0.053140997886657715ms FileWatcher:: Triggered with /home/user/dxdao/dxvote/src/pages/proposals/index.tsx 1:: WatchInfo: /home/user/dxdao/dxvote/src/pages/proposals/index.tsx 500 undefined WatchType: Closed Script info
Info 94   [18:16:32.562] Starting updateGraphWorker: Project: /home/user/dxdao/dxvote/tsconfig.json
Info 95   [18:16:33.174] Finishing updateGraphWorker: Project: /home/user/dxdao/dxvote/tsconfig.json Version: 3 structureChanged: true structureIsReused:: SafeModules Elapsed: 612.0233450010419ms
Info 96   [18:16:33.174] Different program with same set of files
Info 97   [18:16:33.485] Starting updateGraphWorker: Project: /dev/null/autoImportProviderProject1*
Info 98   [18:16:33.567] Finishing updateGraphWorker: Project: /dev/null/autoImportProviderProject1* Version: 2 structureChanged: true structureIsReused:: SafeModules Elapsed: 81.40701799839735ms
Info 99   [18:16:33.567] Different program with same set of files
Info 100  [18:16:34.234] FileWatcher:: Triggered with /home/user/dxdao/dxvote/src/stores/BlockchainStore.ts 1:: WatchInfo: /home/user/dxdao/dxvote/src/stores/BlockchainStore.ts 500 undefined WatchType: Closed Script info
Info 101  [18:16:34.234] Elapsed:: 0.09483599662780762ms FileWatcher:: Triggered with /home/user/dxdao/dxvote/src/stores/BlockchainStore.ts 1:: WatchInfo: /home/user/dxdao/dxvote/src/stores/BlockchainStore.ts 500 undefined WatchType: Closed Script info
Info 102  [18:16:34.234] FileWatcher:: Triggered with /home/user/dxdao/dxvote/src/theme/GlobalTheme.ts 2:: WatchInfo: /home/user/dxdao/dxvote/src/theme/GlobalTheme.ts 500 undefined WatchType: Closed Script info
Info 103  [18:16:34.234] Elapsed:: 0.030257001519203186ms FileWatcher:: Triggered with /home/user/dxdao/dxvote/src/theme/GlobalTheme.ts 2:: WatchInfo: /home/user/dxdao/dxvote/src/theme/GlobalTheme.ts 500 undefined WatchType: Closed Script info
Info 104  [18:16:34.484] Starting updateGraphWorker: Project: /home/user/dxdao/dxvote/tsconfig.json
Info 105  [18:16:34.522] Finishing updateGraphWorker: Project: /home/user/dxdao/dxvote/tsconfig.json Version: 4 structureChanged: false structureIsReused:: Completely Elapsed: 37.32479799538851ms
Info 106  [18:16:34.522] Different program with same set of files
Info 107  [18:16:36.234] FileWatcher:: Triggered with /home/user/dxdao/dxvote/src/theme/light.json 2:: WatchInfo: /home/user/dxdao/dxvote/src/theme/light.json 500 undefined WatchType: Closed Script info
Info 108  [18:16:36.235] Elapsed:: 0.44578099995851517ms FileWatcher:: Triggered with /home/user/dxdao/dxvote/src/theme/light.json 2:: WatchInfo: /home/user/dxdao/dxvote/src/theme/light.json 500 undefined WatchType: Closed Script info
Info 109  [18:16:36.235] FileWatcher:: Triggered with /home/user/dxdao/dxvote/src/GuildsApp.tsx 1:: WatchInfo: /home/user/dxdao/dxvote/src/GuildsApp.tsx 500 undefined WatchType: Closed Script info
Info 110  [18:16:36.235] Elapsed:: 0.10284800082445145ms FileWatcher:: Triggered with /home/user/dxdao/dxvote/src/GuildsApp.tsx 1:: WatchInfo: /home/user/dxdao/dxvote/src/GuildsApp.tsx 500 undefined WatchType: Closed Script info
Info 111  [18:16:36.235] FileWatcher:: Triggered with /home/user/dxdao/dxvote/src/cache/index.ts 1:: WatchInfo: /home/user/dxdao/dxvote/src/cache/index.ts 500 undefined WatchType: Closed Script info
Info 112  [18:16:36.235] Elapsed:: 0.0816740021109581ms FileWatcher:: Triggered with /home/user/dxdao/dxvote/src/cache/index.ts 1:: WatchInfo: /home/user/dxdao/dxvote/src/cache/index.ts 500 undefined WatchType: Closed Script info
Info 113  [18:16:36.236] FileWatcher:: Triggered with /home/user/dxdao/dxvote/src/components/Toggle.tsx 1:: WatchInfo: /home/user/dxdao/dxvote/src/components/Toggle.tsx 500 undefined WatchType: Closed Script info
Info 114  [18:16:36.236] Elapsed:: 0.07342199981212616ms FileWatcher:: Triggered with /home/user/dxdao/dxvote/src/components/Toggle.tsx 1:: WatchInfo: /home/user/dxdao/dxvote/src/components/Toggle.tsx 500 undefined WatchType: Closed Script info
Info 115  [18:16:36.236] FileWatcher:: Triggered with /home/user/dxdao/dxvote/src/components/Guilds/Filter/index.tsx 2:: WatchInfo: /home/user/dxdao/dxvote/src/components/Guilds/Filter/index.tsx 500 undefined WatchType: Closed Script info
Info 116  [18:16:36.236] Elapsed:: 0.04719500243663788ms FileWatcher:: Triggered with /home/user/dxdao/dxvote/src/components/Guilds/Filter/index.tsx 2:: WatchInfo: /home/user/dxdao/dxvote/src/components/Guilds/Filter/index.tsx 500 undefined WatchType: Closed Script info
Info 117  [18:16:36.236] FileWatcher:: Triggered with /home/user/dxdao/dxvote/src/components/Guilds/Header/index.tsx 1:: WatchInfo: /home/user/dxdao/dxvote/src/components/Guilds/Header/index.tsx 500 undefined WatchType: Closed Script info
Info 118  [18:16:36.236] Elapsed:: 0.07511800527572632ms FileWatcher:: Triggered with /home/user/dxdao/dxvote/src/components/Guilds/Header/index.tsx 1:: WatchInfo: /home/user/dxdao/dxvote/src/components/Guilds/Header/index.tsx 500 undefined WatchType: Closed Script info
Info 119  [18:16:36.236] FileWatcher:: Triggered with /home/user/dxdao/dxvote/src/components/Guilds/ProposalActionsCard/ActionItem.tsx 1:: WatchInfo: /home/user/dxdao/dxvote/src/components/Guilds/ProposalActionsCard/ActionItem.tsx 500 undefined WatchType: Closed Script info
Info 120  [18:16:36.236] Elapsed:: 0.08004200458526611ms FileWatcher:: Triggered with /home/user/dxdao/dxvote/src/components/Guilds/ProposalActionsCard/ActionItem.tsx 1:: WatchInfo: /home/user/dxdao/dxvote/src/components/Guilds/ProposalActionsCard/ActionItem.tsx 500 undefined WatchType: Closed Script info
Info 121  [18:16:36.236] FileWatcher:: Triggered with /home/user/dxdao/dxvote/src/components/Guilds/ProposalActionsCard/index.tsx 1:: WatchInfo: /home/user/dxdao/dxvote/src/components/Guilds/ProposalActionsCard/index.tsx 500 undefined WatchType: Closed Script info
Info 122  [18:16:36.236] Elapsed:: 0.0720750018954277ms FileWatcher:: Triggered with /home/user/dxdao/dxvote/src/components/Guilds/ProposalActionsCard/index.tsx 1:: WatchInfo: /home/user/dxdao/dxvote/src/components/Guilds/ProposalActionsCard/index.tsx 500 undefined WatchType: Closed Script info
Info 123  [18:16:36.236] FileWatcher:: Triggered with /home/user/dxdao/dxvote/src/components/Guilds/ProposalCard/index.tsx 1:: WatchInfo: /home/user/dxdao/dxvote/src/components/Guilds/ProposalCard/index.tsx 500 undefined WatchType: Closed Script info
Info 124  [18:16:36.237] Elapsed:: 0.063789002597332ms FileWatcher:: Triggered with /home/user/dxdao/dxvote/src/components/Guilds/ProposalCard/index.tsx 1:: WatchInfo: /home/user/dxdao/dxvote/src/components/Guilds/ProposalCard/index.tsx 500 undefined WatchType: Closed Script info
Info 125  [18:16:36.237] FileWatcher:: Triggered with /home/user/dxdao/dxvote/src/components/Guilds/ProposalSidebar/ProposalInfoCard/InfoItem.tsx 1:: WatchInfo: /home/user/dxdao/dxvote/src/components/Guilds/ProposalSidebar/ProposalInfoCard/InfoItem.tsx 500 undefined WatchType: Closed Script info
Info 126  [18:16:36.237] Elapsed:: 0.06928800046443939ms FileWatcher:: Triggered with /home/user/dxdao/dxvote/src/components/Guilds/ProposalSidebar/ProposalInfoCard/InfoItem.tsx 1:: WatchInfo: /home/user/dxdao/dxvote/src/components/Guilds/ProposalSidebar/ProposalInfoCard/InfoItem.tsx 500 undefined WatchType: Closed Script info
Info 127  [18:16:36.237] FileWatcher:: Triggered with /home/user/dxdao/dxvote/src/components/Guilds/ProposalSidebar/ProposalInfoCard/index.tsx 1:: WatchInfo: /home/user/dxdao/dxvote/src/components/Guilds/ProposalSidebar/ProposalInfoCard/index.tsx 500 undefined WatchType: Closed Script info
Info 128  [18:16:36.237] Elapsed:: 0.06334000080823898ms FileWatcher:: Triggered with /home/user/dxdao/dxvote/src/components/Guilds/ProposalSidebar/ProposalInfoCard/index.tsx 1:: WatchInfo: /home/user/dxdao/dxvote/src/components/Guilds/ProposalSidebar/ProposalInfoCard/index.tsx 500 undefined WatchType: Closed Script info
Info 129  [18:16:36.237] FileWatcher:: Triggered with /home/user/dxdao/dxvote/src/components/Guilds/ProposalSidebar/ProposalVoteCard/index.tsx 1:: WatchInfo: /home/user/dxdao/dxvote/src/components/Guilds/ProposalSidebar/ProposalVoteCard/index.tsx 500 undefined WatchType: Closed Script info
Info 130  [18:16:36.237] Elapsed:: 0.10335200279951096ms FileWatcher:: Triggered with /home/user/dxdao/dxvote/src/components/Guilds/ProposalSidebar/ProposalVoteCard/index.tsx 1:: WatchInfo: /home/user/dxdao/dxvote/src/components/Guilds/ProposalSidebar/ProposalVoteCard/index.tsx 500 undefined WatchType: Closed Script info
Info 131  [18:16:36.237] FileWatcher:: Triggered with /home/user/dxdao/dxvote/src/components/Guilds/ProposalStatus/index.tsx 1:: WatchInfo: /home/user/dxdao/dxvote/src/components/Guilds/ProposalStatus/index.tsx 500 undefined WatchType: Closed Script info
Info 132  [18:16:36.237] Elapsed:: 0.07698199898004532ms FileWatcher:: Triggered with /home/user/dxdao/dxvote/src/components/Guilds/ProposalStatus/index.tsx 1:: WatchInfo: /home/user/dxdao/dxvote/src/components/Guilds/ProposalStatus/index.tsx 500 undefined WatchType: Closed Script info
Info 133  [18:16:36.237] FileWatcher:: Triggered with /home/user/dxdao/dxvote/src/components/Guilds/Sidebar/UserActions.tsx 2:: WatchInfo: /home/user/dxdao/dxvote/src/components/Guilds/Sidebar/UserActions.tsx 500 undefined WatchType: Closed Script info
Info 134  [18:16:36.238] Elapsed:: 0.055876001715660095ms FileWatcher:: Triggered with /home/user/dxdao/dxvote/src/components/Guilds/Sidebar/UserActions.tsx 2:: WatchInfo: /home/user/dxdao/dxvote/src/components/Guilds/Sidebar/UserActions.tsx 500 undefined WatchType: Closed Script info
Info 135  [18:16:36.238] FileWatcher:: Triggered with /home/user/dxdao/dxvote/src/components/Guilds/Sidebar/index.tsx 1:: WatchInfo: /home/user/dxdao/dxvote/src/components/Guilds/Sidebar/index.tsx 500 undefined WatchType: Closed Script info
Info 136  [18:16:36.238] Elapsed:: 0.08749900013208389ms FileWatcher:: Triggered with /home/user/dxdao/dxvote/src/components/Guilds/Sidebar/index.tsx 1:: WatchInfo: /home/user/dxdao/dxvote/src/components/Guilds/Sidebar/index.tsx 500 undefined WatchType: Closed Script info
Info 137  [18:16:36.488] Starting updateGraphWorker: Project: /home/user/dxdao/dxvote/tsconfig.json
Info 138  [18:16:36.759] Finishing updateGraphWorker: Project: /home/user/dxdao/dxvote/tsconfig.json Version: 5 structureChanged: true structureIsReused:: Not Elapsed: 270.86472100019455ms
Info 139  [18:16:36.759] Project '/home/user/dxdao/dxvote/tsconfig.json' (Configured)
Info 140  [18:16:36.759] 	Files (655)

Info 141  [18:16:36.759] -----------------------------------------------
Info 142  [18:16:36.759] Project '/dev/null/autoImportProviderProject1*' (AutoImportProvider)
Info 143  [18:16:36.759] 	Files (97)

Info 144  [18:16:36.760] -----------------------------------------------
Info 145  [18:16:38.240] FileWatcher:: Triggered with /home/user/dxdao/dxvote/src/components/Guilds/SidebarCard/index.tsx 1:: WatchInfo: /home/user/dxdao/dxvote/src/components/Guilds/SidebarCard/index.tsx 500 undefined WatchType: Closed Script info
Info 146  [18:16:38.240] Elapsed:: 0.2152860015630722ms FileWatcher:: Triggered with /home/user/dxdao/dxvote/src/components/Guilds/SidebarCard/index.tsx 1:: WatchInfo: /home/user/dxdao/dxvote/src/components/Guilds/SidebarCard/index.tsx 500 undefined WatchType: Closed Script info
Info 147  [18:16:38.240] FileWatcher:: Triggered with /home/user/dxdao/dxvote/src/components/Guilds/common/Button/Button.tsx 1:: WatchInfo: /home/user/dxdao/dxvote/src/components/Guilds/common/Button/Button.tsx 500 undefined WatchType: Closed Script info
Info 148  [18:16:38.240] Elapsed:: 0.1417750045657158ms FileWatcher:: Triggered with /home/user/dxdao/dxvote/src/components/Guilds/common/Button/Button.tsx 1:: WatchInfo: /home/user/dxdao/dxvote/src/components/Guilds/common/Button/Button.tsx 500 undefined WatchType: Closed Script info
Info 149  [18:16:38.241] FileWatcher:: Triggered with /home/user/dxdao/dxvote/src/components/Guilds/common/DropdownMenu/index.tsx 1:: WatchInfo: /home/user/dxdao/dxvote/src/components/Guilds/common/DropdownMenu/index.tsx 500 undefined WatchType: Closed Script info
Info 150  [18:16:38.241] Elapsed:: 0.13923200219869614ms FileWatcher:: Triggered with /home/user/dxdao/dxvote/src/components/Guilds/common/DropdownMenu/index.tsx 1:: WatchInfo: /home/user/dxdao/dxvote/src/components/Guilds/common/DropdownMenu/index.tsx 500 undefined WatchType: Closed Script info
Info 151  [18:16:38.241] FileWatcher:: Triggered with /home/user/dxdao/dxvote/src/components/Guilds/common/Form/index.tsx 2:: WatchInfo: /home/user/dxdao/dxvote/src/components/Guilds/common/Form/index.tsx 500 undefined WatchType: Closed Script info
Info 152  [18:16:38.241] Elapsed:: 0.06760800629854202ms FileWatcher:: Triggered with /home/user/dxdao/dxvote/src/components/Guilds/common/Form/index.tsx 2:: WatchInfo: /home/user/dxdao/dxvote/src/components/Guilds/common/Form/index.tsx 500 undefined WatchType: Closed Script info
Info 153  [18:16:38.241] FileWatcher:: Triggered with /home/user/dxdao/dxvote/src/components/Guilds/common/Layout/Container.tsx 1:: WatchInfo: /home/user/dxdao/dxvote/src/components/Guilds/common/Layout/Container.tsx 500 undefined WatchType: Closed Script info
Info 154  [18:16:38.241] Elapsed:: 0.11108999699354172ms FileWatcher:: Triggered with /home/user/dxdao/dxvote/src/components/Guilds/common/Layout/Container.tsx 1:: WatchInfo: /home/user/dxdao/dxvote/src/components/Guilds/common/Layout/Container.tsx 500 undefined WatchType: Closed Script info
Info 155  [18:16:38.242] FileWatcher:: Triggered with /home/user/dxdao/dxvote/src/components/Guilds/common/Menu/index.tsx 1:: WatchInfo: /home/user/dxdao/dxvote/src/components/Guilds/common/Menu/index.tsx 500 undefined WatchType: Closed Script info
Info 156  [18:16:38.242] Elapsed:: 0.10409700125455856ms FileWatcher:: Triggered with /home/user/dxdao/dxvote/src/components/Guilds/common/Menu/index.tsx 1:: WatchInfo: /home/user/dxdao/dxvote/src/components/Guilds/common/Menu/index.tsx 500 undefined WatchType: Closed Script info
Info 157  [18:16:38.242] FileWatcher:: Triggered with /home/user/dxdao/dxvote/src/components/Guilds/common/Typography/Heading.tsx 2:: WatchInfo: /home/user/dxdao/dxvote/src/components/Guilds/common/Typography/Heading.tsx 500 undefined WatchType: Closed Script info
Info 158  [18:16:38.242] Elapsed:: 0.05044399946928024ms FileWatcher:: Triggered with /home/user/dxdao/dxvote/src/components/Guilds/common/Typography/Heading.tsx 2:: WatchInfo: /home/user/dxdao/dxvote/src/components/Guilds/common/Typography/Heading.tsx 500 undefined WatchType: Closed Script info
Info 159  [18:16:38.242] FileWatcher:: Triggered with /home/user/dxdao/dxvote/src/components/Guilds/common/Typography/index.tsx 2:: WatchInfo: /home/user/dxdao/dxvote/src/components/Guilds/common/Typography/index.tsx 500 undefined WatchType: Closed Script info
Info 160  [18:16:38.242] Elapsed:: 0.04159499704837799ms FileWatcher:: Triggered with /home/user/dxdao/dxvote/src/components/Guilds/common/Typography/index.tsx 2:: WatchInfo: /home/user/dxdao/dxvote/src/components/Guilds/common/Typography/index.tsx 500 undefined WatchType: Closed Script info
Info 161  [18:16:38.242] FileWatcher:: Triggered with /home/user/dxdao/dxvote/src/components/Proposal/Votes/index.tsx 1:: WatchInfo: /home/user/dxdao/dxvote/src/components/Proposal/Votes/index.tsx 500 undefined WatchType: Closed Script info
Info 162  [18:16:38.243] Elapsed:: 0.10650499910116196ms FileWatcher:: Triggered with /home/user/dxdao/dxvote/src/components/Proposal/Votes/index.tsx 1:: WatchInfo: /home/user/dxdao/dxvote/src/components/Proposal/Votes/index.tsx 500 undefined WatchType: Closed Script info
Info 163  [18:16:38.493] Starting updateGraphWorker: Project: /home/user/dxdao/dxvote/tsconfig.json
Info 164  [18:16:38.576] Finishing updateGraphWorker: Project: /home/user/dxdao/dxvote/tsconfig.json Version: 6 structureChanged: false structureIsReused:: Completely Elapsed: 83.20748400688171ms
Info 165  [18:16:38.576] Different program with same set of files
Info 166  [18:16:40.244] FileWatcher:: Triggered with /home/user/dxdao/dxvote/src/components/ProposalSubmission/Custom/Calls.tsx 1:: WatchInfo: /home/user/dxdao/dxvote/src/components/ProposalSubmission/Custom/Calls.tsx 500 undefined WatchType: Closed Script info
Info 167  [18:16:40.245] Elapsed:: 0.24706700444221497ms FileWatcher:: Triggered with /home/user/dxdao/dxvote/src/components/ProposalSubmission/Custom/Calls.tsx 1:: WatchInfo: /home/user/dxdao/dxvote/src/components/ProposalSubmission/Custom/Calls.tsx 500 undefined WatchType: Closed Script info
Info 168  [18:16:40.495] Starting updateGraphWorker: Project: /home/user/dxdao/dxvote/tsconfig.json
Info 169  [18:16:40.660] Finishing updateGraphWorker: Project: /home/user/dxdao/dxvote/tsconfig.json Version: 7 structureChanged: true structureIsReused:: SafeModules Elapsed: 164.68442100286484ms
Info 170  [18:16:40.660] Different program with same set of files
Info 171  [18:16:42.746] Before ensureProjectForOpenFiles:
Info 172  [18:16:42.746] After ensureProjectForOpenFiles:
Info 173  [18:16:42.746] got projects updated in background, updating diagnostics for /home/user/dxdao/dxvote/src/index.tsx
